<?xml version="1.0" encoding="UTF-8"?>
<coverage generated="1521093167390" clover="3.2.0">
  <project timestamp="1521093167391" name="All files">
    <metrics statements="403" coveredstatements="240" conditionals="138" coveredconditionals="71" methods="108" coveredmethods="56" elements="649" coveredelements="367" complexity="0" loc="403" ncloc="403" packages="5" files="14" classes="14">
      <package name="lib">
        <metrics statements="133" coveredstatements="62" conditionals="40" coveredconditionals="14" methods="43" coveredmethods="19"/>
        <file name="arbiter.js" path="/Users/skbolton/Development/Arbiter/lib/arbiter.js">
          <metrics statements="15" coveredstatements="15" conditionals="4" coveredconditionals="4" methods="5" coveredmethods="5"/>
          <line num="1" count="1" type="stmt"/>
          <line num="2" count="1" type="stmt"/>
          <line num="11" count="9" type="stmt"/>
          <line num="12" count="9" type="stmt"/>
          <line num="13" count="9" type="stmt"/>
          <line num="14" count="9" type="stmt"/>
          <line num="25" count="4" type="stmt"/>
          <line num="26" count="3" type="stmt"/>
          <line num="37" count="3" type="cond" truecount="2" falsecount="0"/>
          <line num="53" count="3" type="cond" truecount="2" falsecount="0"/>
          <line num="54" count="1" type="stmt"/>
          <line num="56" count="2" type="stmt"/>
          <line num="57" count="2" type="stmt"/>
          <line num="64" count="1" type="stmt"/>
          <line num="68" count="1" type="stmt"/>
        </file>
        <file name="connection.js" path="/Users/skbolton/Development/Arbiter/lib/connection.js">
          <metrics statements="32" coveredstatements="30" conditionals="12" coveredconditionals="10" methods="8" coveredmethods="7"/>
          <line num="1" count="1" type="stmt"/>
          <line num="2" count="1" type="stmt"/>
          <line num="4" count="1" type="stmt"/>
          <line num="27" count="1" type="stmt"/>
          <line num="28" count="1" type="stmt"/>
          <line num="29" count="1" type="stmt"/>
          <line num="30" count="1" type="stmt"/>
          <line num="31" count="1" type="stmt"/>
          <line num="47" count="9" type="stmt"/>
          <line num="48" count="6" type="stmt"/>
          <line num="49" count="6" type="stmt"/>
          <line num="50" count="6" type="stmt"/>
          <line num="52" count="6" type="stmt"/>
          <line num="63" count="5" type="cond" truecount="2" falsecount="0"/>
          <line num="65" count="4" type="stmt"/>
          <line num="66" count="4" type="stmt"/>
          <line num="68" count="4" type="stmt"/>
          <line num="69" count="4" type="cond" truecount="1" falsecount="1"/>
          <line num="71" count="4" type="stmt"/>
          <line num="72" count="4" type="stmt"/>
          <line num="73" count="4" type="stmt"/>
          <line num="74" count="4" type="stmt"/>
          <line num="76" count="0" type="stmt"/>
          <line num="77" count="0" type="stmt"/>
          <line num="80" count="4" type="stmt"/>
          <line num="91" count="6" type="stmt"/>
          <line num="101" count="5" type="cond" truecount="4" falsecount="0"/>
          <line num="102" count="2" type="cond" truecount="2" falsecount="0"/>
          <line num="104" count="1" type="stmt"/>
          <line num="114" count="2" type="cond" truecount="1" falsecount="1"/>
          <line num="115" count="2" type="stmt"/>
          <line num="119" count="1" type="stmt"/>
        </file>
        <file name="model.js" path="/Users/skbolton/Development/Arbiter/lib/model.js">
          <metrics statements="17" coveredstatements="13" conditionals="2" coveredconditionals="0" methods="9" coveredmethods="7"/>
          <line num="1" count="1" type="stmt"/>
          <line num="2" count="1" type="stmt"/>
          <line num="3" count="1" type="stmt"/>
          <line num="4" count="1" type="stmt"/>
          <line num="8" count="6" type="stmt"/>
          <line num="16" count="6" type="stmt"/>
          <line num="20" count="2" type="stmt"/>
          <line num="30" count="0" type="stmt"/>
          <line num="31" count="0" type="stmt"/>
          <line num="32" count="0" type="stmt"/>
          <line num="34" count="0" type="stmt"/>
          <line num="42" count="1" type="stmt"/>
          <line num="43" count="1" type="stmt"/>
          <line num="48" count="3" type="stmt"/>
          <line num="52" count="1" type="stmt"/>
          <line num="56" count="1" type="stmt"/>
          <line num="60" count="1" type="stmt"/>
        </file>
        <file name="query.js" path="/Users/skbolton/Development/Arbiter/lib/query.js">
          <metrics statements="69" coveredstatements="4" conditionals="22" coveredconditionals="0" methods="21" coveredmethods="0"/>
          <line num="1" count="1" type="stmt"/>
          <line num="2" count="1" type="stmt"/>
          <line num="3" count="1" type="stmt"/>
          <line num="17" count="0" type="stmt"/>
          <line num="26" count="0" type="stmt"/>
          <line num="27" count="0" type="stmt"/>
          <line num="28" count="0" type="stmt"/>
          <line num="29" count="0" type="stmt"/>
          <line num="30" count="0" type="stmt"/>
          <line num="31" count="0" type="stmt"/>
          <line num="32" count="0" type="stmt"/>
          <line num="33" count="0" type="stmt"/>
          <line num="42" count="0" type="stmt"/>
          <line num="43" count="0" type="stmt"/>
          <line num="44" count="0" type="stmt"/>
          <line num="46" count="0" type="stmt"/>
          <line num="48" count="0" type="stmt"/>
          <line num="52" count="0" type="stmt"/>
          <line num="56" count="0" type="stmt"/>
          <line num="57" count="0" type="stmt"/>
          <line num="58" count="0" type="stmt"/>
          <line num="59" count="0" type="stmt"/>
          <line num="60" count="0" type="stmt"/>
          <line num="61" count="0" type="stmt"/>
          <line num="62" count="0" type="stmt"/>
          <line num="65" count="0" type="stmt"/>
          <line num="68" count="0" type="cond" truecount="0" falsecount="4"/>
          <line num="69" count="0" type="stmt"/>
          <line num="71" count="0" type="stmt"/>
          <line num="75" count="0" type="stmt"/>
          <line num="76" count="0" type="stmt"/>
          <line num="80" count="0" type="stmt"/>
          <line num="81" count="0" type="stmt"/>
          <line num="85" count="0" type="stmt"/>
          <line num="86" count="0" type="stmt"/>
          <line num="91" count="0" type="stmt"/>
          <line num="98" count="0" type="stmt"/>
          <line num="102" count="0" type="stmt"/>
          <line num="106" count="0" type="stmt"/>
          <line num="110" count="0" type="stmt"/>
          <line num="115" count="0" type="cond" truecount="0" falsecount="2"/>
          <line num="116" count="0" type="stmt"/>
          <line num="118" count="0" type="cond" truecount="0" falsecount="2"/>
          <line num="119" count="0" type="stmt"/>
          <line num="121" count="0" type="stmt"/>
          <line num="122" count="0" type="cond" truecount="0" falsecount="2"/>
          <line num="123" count="0" type="stmt"/>
          <line num="125" count="0" type="cond" truecount="0" falsecount="2"/>
          <line num="126" count="0" type="stmt"/>
          <line num="128" count="0" type="cond" truecount="0" falsecount="2"/>
          <line num="129" count="0" type="stmt"/>
          <line num="130" count="0" type="stmt"/>
          <line num="132" count="0" type="stmt"/>
          <line num="139" count="0" type="cond" truecount="0" falsecount="2"/>
          <line num="141" count="0" type="stmt"/>
          <line num="142" count="0" type="stmt"/>
          <line num="143" count="0" type="cond" truecount="0" falsecount="2"/>
          <line num="145" count="0" type="stmt"/>
          <line num="149" count="0" type="stmt"/>
          <line num="153" count="0" type="cond" truecount="0" falsecount="2"/>
          <line num="154" count="0" type="stmt"/>
          <line num="156" count="0" type="stmt"/>
          <line num="160" count="0" type="stmt"/>
          <line num="161" count="0" type="stmt"/>
          <line num="162" count="0" type="stmt"/>
          <line num="163" count="0" type="stmt"/>
          <line num="164" count="0" type="stmt"/>
          <line num="165" count="0" type="stmt"/>
          <line num="170" count="1" type="stmt"/>
        </file>
      </package>
      <package name="lib._model">
        <metrics statements="42" coveredstatements="9" conditionals="10" coveredconditionals="0" methods="11" coveredmethods="0"/>
        <file name="grunt.js" path="/Users/skbolton/Development/Arbiter/lib/_model/grunt.js">
          <metrics statements="42" coveredstatements="9" conditionals="10" coveredconditionals="0" methods="11" coveredmethods="0"/>
          <line num="1" count="2" type="stmt"/>
          <line num="2" count="2" type="stmt"/>
          <line num="3" count="2" type="stmt"/>
          <line num="4" count="2" type="stmt"/>
          <line num="5" count="2" type="stmt"/>
          <line num="6" count="2" type="stmt"/>
          <line num="7" count="2" type="stmt"/>
          <line num="8" count="2" type="stmt"/>
          <line num="25" count="0" type="stmt"/>
          <line num="35" count="0" type="stmt"/>
          <line num="36" count="0" type="stmt"/>
          <line num="37" count="0" type="stmt"/>
          <line num="38" count="0" type="stmt"/>
          <line num="39" count="0" type="stmt"/>
          <line num="49" count="0" type="stmt"/>
          <line num="60" count="0" type="stmt"/>
          <line num="63" count="0" type="stmt"/>
          <line num="64" count="0" type="stmt"/>
          <line num="67" count="0" type="stmt"/>
          <line num="68" count="0" type="stmt"/>
          <line num="80" count="0" type="stmt"/>
          <line num="82" count="0" type="stmt"/>
          <line num="84" count="0" type="stmt"/>
          <line num="85" count="0" type="stmt"/>
          <line num="86" count="0" type="stmt"/>
          <line num="91" count="0" type="stmt"/>
          <line num="92" count="0" type="stmt"/>
          <line num="93" count="0" type="stmt"/>
          <line num="95" count="0" type="stmt"/>
          <line num="107" count="0" type="cond" truecount="0" falsecount="2"/>
          <line num="109" count="0" type="stmt"/>
          <line num="110" count="0" type="cond" truecount="0" falsecount="2"/>
          <line num="111" count="0" type="stmt"/>
          <line num="114" count="0" type="cond" truecount="0" falsecount="2"/>
          <line num="115" count="0" type="stmt"/>
          <line num="118" count="0" type="stmt"/>
          <line num="121" count="0" type="cond" truecount="0" falsecount="2"/>
          <line num="122" count="0" type="stmt"/>
          <line num="125" count="0" type="cond" truecount="0" falsecount="2"/>
          <line num="126" count="0" type="stmt"/>
          <line num="129" count="0" type="stmt"/>
          <line num="134" count="2" type="stmt"/>
        </file>
      </package>
      <package name="lib.schema">
        <metrics statements="171" coveredstatements="125" conditionals="73" coveredconditionals="45" methods="39" coveredmethods="26"/>
        <file name="handler.js" path="/Users/skbolton/Development/Arbiter/lib/schema/handler.js">
          <metrics statements="27" coveredstatements="4" conditionals="10" coveredconditionals="0" methods="7" coveredmethods="1"/>
          <line num="1" count="2" type="stmt"/>
          <line num="2" count="2" type="stmt"/>
          <line num="11" count="10" type="stmt"/>
          <line num="17" count="0" type="cond" truecount="0" falsecount="2"/>
          <line num="19" count="0" type="cond" truecount="0" falsecount="2"/>
          <line num="20" count="0" type="stmt"/>
          <line num="22" count="0" type="stmt"/>
          <line num="24" count="0" type="stmt"/>
          <line num="25" count="0" type="stmt"/>
          <line num="29" count="0" type="stmt"/>
          <line num="33" count="0" type="cond" truecount="0" falsecount="2"/>
          <line num="34" count="0" type="stmt"/>
          <line num="36" count="0" type="stmt"/>
          <line num="41" count="0" type="stmt"/>
          <line num="42" count="0" type="stmt"/>
          <line num="43" count="0" type="cond" truecount="0" falsecount="2"/>
          <line num="44" count="0" type="stmt"/>
          <line num="45" count="0" type="stmt"/>
          <line num="46" count="0" type="stmt"/>
          <line num="48" count="0" type="stmt"/>
          <line num="49" count="0" type="stmt"/>
          <line num="51" count="0" type="stmt"/>
          <line num="55" count="0" type="stmt"/>
          <line num="56" count="0" type="stmt"/>
          <line num="57" count="0" type="cond" truecount="0" falsecount="2"/>
          <line num="58" count="0" type="stmt"/>
          <line num="64" count="2" type="stmt"/>
        </file>
        <file name="schema.js" path="/Users/skbolton/Development/Arbiter/lib/schema/schema.js">
          <metrics statements="77" coveredstatements="55" conditionals="29" coveredconditionals="14" methods="22" coveredmethods="15"/>
          <line num="1" count="2" type="stmt"/>
          <line num="2" count="2" type="stmt"/>
          <line num="3" count="2" type="stmt"/>
          <line num="5" count="2" type="stmt"/>
          <line num="7" count="2" type="stmt"/>
          <line num="8" count="3" type="stmt"/>
          <line num="9" count="3" type="stmt"/>
          <line num="21" count="12" type="stmt"/>
          <line num="22" count="11" type="stmt"/>
          <line num="23" count="10" type="stmt"/>
          <line num="26" count="10" type="stmt"/>
          <line num="27" count="10" type="stmt"/>
          <line num="28" count="10" type="stmt"/>
          <line num="32" count="0" type="stmt"/>
          <line num="36" count="0" type="stmt"/>
          <line num="37" count="0" type="cond" truecount="0" falsecount="2"/>
          <line num="38" count="0" type="stmt"/>
          <line num="39" count="0" type="cond" truecount="0" falsecount="2"/>
          <line num="40" count="0" type="stmt"/>
          <line num="43" count="0" type="cond" truecount="0" falsecount="2"/>
          <line num="44" count="0" type="stmt"/>
          <line num="59" count="15" type="cond" truecount="2" falsecount="0"/>
          <line num="60" count="12" type="stmt"/>
          <line num="62" count="3" type="cond" truecount="1" falsecount="1"/>
          <line num="63" count="0" type="stmt"/>
          <line num="76" count="8" type="stmt"/>
          <line num="77" count="8" type="stmt"/>
          <line num="78" count="20" type="stmt"/>
          <line num="80" count="8" type="stmt"/>
          <line num="81" count="6" type="stmt"/>
          <line num="83" count="18" type="stmt"/>
          <line num="86" count="8" type="stmt"/>
          <line num="97" count="1" type="stmt"/>
          <line num="98" count="3" type="stmt"/>
          <line num="99" count="1" type="stmt"/>
          <line num="110" count="11" type="stmt"/>
          <line num="111" count="11" type="stmt"/>
          <line num="112" count="11" type="stmt"/>
          <line num="114" count="11" type="stmt"/>
          <line num="130" count="0" type="stmt"/>
          <line num="131" count="0" type="stmt"/>
          <line num="132" count="0" type="stmt"/>
          <line num="133" count="0" type="cond" truecount="0" falsecount="2"/>
          <line num="134" count="0" type="cond" truecount="0" falsecount="2"/>
          <line num="138" count="0" type="cond" truecount="0" falsecount="2"/>
          <line num="139" count="0" type="stmt"/>
          <line num="144" count="0" type="stmt"/>
          <line num="147" count="0" type="stmt"/>
          <line num="148" count="0" type="cond" truecount="0" falsecount="2"/>
          <line num="149" count="0" type="stmt"/>
          <line num="151" count="0" type="stmt"/>
          <line num="155" count="0" type="stmt"/>
          <line num="169" count="19" type="stmt"/>
          <line num="170" count="28" type="stmt"/>
          <line num="171" count="28" type="cond" truecount="2" falsecount="0"/>
          <line num="172" count="13" type="stmt"/>
          <line num="173" count="13" type="cond" truecount="2" falsecount="0"/>
          <line num="174" count="2" type="stmt"/>
          <line num="176" count="11" type="stmt"/>
          <line num="177" count="11" type="stmt"/>
          <line num="179" count="15" type="stmt"/>
          <line num="180" count="15" type="stmt"/>
          <line num="181" count="15" type="cond" truecount="2" falsecount="0"/>
          <line num="182" count="1" type="stmt"/>
          <line num="184" count="14" type="stmt"/>
          <line num="187" count="12" type="stmt"/>
          <line num="199" count="8" type="stmt"/>
          <line num="200" count="7" type="stmt"/>
          <line num="201" count="6" type="stmt"/>
          <line num="202" count="6" type="cond" truecount="2" falsecount="0"/>
          <line num="203" count="1" type="stmt"/>
          <line num="205" count="5" type="stmt"/>
          <line num="206" count="5" type="stmt"/>
          <line num="207" count="5" type="cond" truecount="2" falsecount="0"/>
          <line num="208" count="3" type="stmt"/>
          <line num="210" count="2" type="stmt"/>
          <line num="214" count="2" type="stmt"/>
        </file>
        <file name="tree.js" path="/Users/skbolton/Development/Arbiter/lib/schema/tree.js">
          <metrics statements="25" coveredstatements="25" conditionals="17" coveredconditionals="16" methods="3" coveredmethods="3"/>
          <line num="1" count="2" type="stmt"/>
          <line num="2" count="2" type="stmt"/>
          <line num="6" count="11" type="stmt"/>
          <line num="7" count="11" type="stmt"/>
          <line num="8" count="11" type="stmt"/>
          <line num="9" count="11" type="stmt"/>
          <line num="10" count="11" type="stmt"/>
          <line num="11" count="11" type="stmt"/>
          <line num="12" count="11" type="stmt"/>
          <line num="13" count="29" type="cond" truecount="2" falsecount="0"/>
          <line num="14" count="10" type="stmt"/>
          <line num="17" count="19" type="cond" truecount="2" falsecount="0"/>
          <line num="18" count="6" type="stmt"/>
          <line num="20" count="13" type="cond" truecount="4" falsecount="0"/>
          <line num="21" count="10" type="stmt"/>
          <line num="24" count="13" type="cond" truecount="2" falsecount="0"/>
          <line num="25" count="12" type="cond" truecount="2" falsecount="0"/>
          <line num="26" count="2" type="stmt"/>
          <line num="29" count="12" type="cond" truecount="2" falsecount="0"/>
          <line num="30" count="8" type="stmt"/>
          <line num="31" count="8" type="stmt"/>
          <line num="33" count="12" type="cond" truecount="2" falsecount="0"/>
          <line num="34" count="2" type="stmt"/>
          <line num="41" count="2" type="stmt"/>
          <line num="45" count="2" type="stmt"/>
        </file>
        <file name="validator.js" path="/Users/skbolton/Development/Arbiter/lib/schema/validator.js">
          <metrics statements="42" coveredstatements="41" conditionals="17" coveredconditionals="15" methods="7" coveredmethods="7"/>
          <line num="1" count="3" type="stmt"/>
          <line num="2" count="3" type="stmt"/>
          <line num="3" count="3" type="stmt"/>
          <line num="5" count="3" type="stmt"/>
          <line num="11" count="2" type="stmt"/>
          <line num="12" count="2" type="stmt"/>
          <line num="13" count="2" type="stmt"/>
          <line num="14" count="2" type="stmt"/>
          <line num="15" count="2" type="stmt"/>
          <line num="16" count="2" type="stmt"/>
          <line num="19" count="3" type="stmt"/>
          <line num="20" count="16" type="stmt"/>
          <line num="21" count="16" type="cond" truecount="2" falsecount="0"/>
          <line num="22" count="9" type="stmt"/>
          <line num="24" count="16" type="cond" truecount="2" falsecount="0"/>
          <line num="25" count="2" type="stmt"/>
          <line num="26" count="2" type="cond" truecount="2" falsecount="0"/>
          <line num="27" count="1" type="stmt"/>
          <line num="29" count="1" type="stmt"/>
          <line num="33" count="14" type="stmt"/>
          <line num="35" count="16" type="cond" truecount="2" falsecount="0"/>
          <line num="36" count="10" type="stmt"/>
          <line num="37" count="5" type="stmt"/>
          <line num="38" count="5" type="stmt"/>
          <line num="39" count="4" type="cond" truecount="2" falsecount="0"/>
          <line num="40" count="1" type="stmt"/>
          <line num="42" count="3" type="stmt"/>
          <line num="45" count="6" type="stmt"/>
          <line num="47" count="16" type="cond" truecount="2" falsecount="0"/>
          <line num="48" count="12" type="stmt"/>
          <line num="49" count="1" type="cond" truecount="1" falsecount="1"/>
          <line num="50" count="0" type="stmt"/>
          <line num="52" count="1" type="stmt"/>
          <line num="56" count="4" type="stmt"/>
          <line num="58" count="16" type="stmt"/>
          <line num="61" count="3" type="cond" truecount="0" falsecount="1"/>
          <line num="62" count="16" type="stmt"/>
          <line num="63" count="16" type="stmt"/>
          <line num="65" count="7" type="cond" truecount="2" falsecount="0"/>
          <line num="66" count="2" type="stmt"/>
          <line num="67" count="2" type="stmt"/>
          <line num="70" count="5" type="stmt"/>
        </file>
      </package>
      <package name="lib.utils">
        <metrics statements="52" coveredstatements="40" conditionals="15" coveredconditionals="12" methods="14" coveredmethods="11"/>
        <file name="chain.js" path="/Users/skbolton/Development/Arbiter/lib/utils/chain.js">
          <metrics statements="7" coveredstatements="7" conditionals="1" coveredconditionals="1" methods="1" coveredmethods="1"/>
          <line num="1" count="3" type="cond" truecount="1" falsecount="0"/>
          <line num="2" count="7" type="stmt"/>
          <line num="3" count="7" type="stmt"/>
          <line num="4" count="16" type="stmt"/>
          <line num="5" count="16" type="stmt"/>
          <line num="7" count="5" type="stmt"/>
          <line num="10" count="2" type="stmt"/>
        </file>
        <file name="functionize.js" path="/Users/skbolton/Development/Arbiter/lib/utils/functionize.js">
          <metrics statements="3" coveredstatements="3" conditionals="0" coveredconditionals="0" methods="3" coveredmethods="3"/>
          <line num="1" count="9" type="stmt"/>
          <line num="2" count="6" type="stmt"/>
          <line num="4" count="3" type="stmt"/>
        </file>
        <file name="object-each.js" path="/Users/skbolton/Development/Arbiter/lib/utils/object-each.js">
          <metrics statements="4" coveredstatements="4" conditionals="0" coveredconditionals="0" methods="1" coveredmethods="1"/>
          <line num="1" count="4" type="stmt"/>
          <line num="2" count="11" type="stmt"/>
          <line num="3" count="11" type="stmt"/>
          <line num="4" count="29" type="stmt"/>
        </file>
        <file name="validate.js" path="/Users/skbolton/Development/Arbiter/lib/utils/validate.js">
          <metrics statements="38" coveredstatements="26" conditionals="14" coveredconditionals="11" methods="9" coveredmethods="6"/>
          <line num="1" count="5" type="stmt"/>
          <line num="3" count="16" type="stmt"/>
          <line num="5" count="5" type="stmt"/>
          <line num="6" count="34" type="stmt"/>
          <line num="7" count="34" type="cond" truecount="2" falsecount="0"/>
          <line num="8" count="4" type="stmt"/>
          <line num="14" count="5" type="stmt"/>
          <line num="15" count="8" type="stmt"/>
          <line num="16" count="8" type="cond" truecount="2" falsecount="0"/>
          <line num="17" count="1" type="stmt"/>
          <line num="21" count="5" type="stmt"/>
          <line num="22" count="0" type="stmt"/>
          <line num="23" count="0" type="stmt"/>
          <line num="24" count="0" type="stmt"/>
          <line num="26" count="0" type="stmt"/>
          <line num="30" count="5" type="stmt"/>
          <line num="31" count="0" type="stmt"/>
          <line num="32" count="0" type="stmt"/>
          <line num="33" count="0" type="stmt"/>
          <line num="35" count="0" type="stmt"/>
          <line num="43" count="5" type="stmt"/>
          <line num="44" count="3" type="cond" truecount="2" falsecount="0"/>
          <line num="45" count="1" type="stmt"/>
          <line num="47" count="2" type="cond" truecount="1" falsecount="1"/>
          <line num="48" count="0" type="stmt"/>
          <line num="50" count="1" type="stmt"/>
          <line num="57" count="5" type="stmt"/>
          <line num="58" count="1" type="cond" truecount="1" falsecount="1"/>
          <line num="59" count="1" type="stmt"/>
          <line num="61" count="0" type="stmt"/>
          <line num="68" count="5" type="stmt"/>
          <line num="69" count="1" type="stmt"/>
          <line num="70" count="1" type="cond" truecount="3" falsecount="1"/>
          <line num="71" count="0" type="stmt"/>
          <line num="73" count="1" type="stmt"/>
          <line num="78" count="5" type="stmt"/>
          <line num="79" count="0" type="stmt"/>
          <line num="82" count="5" type="stmt"/>
        </file>
      </package>
      <package name="test.fixtures">
        <metrics statements="5" coveredstatements="4" conditionals="0" coveredconditionals="0" methods="1" coveredmethods="0"/>
        <file name="schema.js" path="/Users/skbolton/Development/Arbiter/test/fixtures/schema.js">
          <metrics statements="5" coveredstatements="4" conditionals="0" coveredconditionals="0" methods="1" coveredmethods="0"/>
          <line num="1" count="2" type="stmt"/>
          <line num="3" count="2" type="stmt"/>
          <line num="25" count="2" type="stmt"/>
          <line num="38" count="0" type="stmt"/>
          <line num="48" count="2" type="stmt"/>
        </file>
      </package>
    </metrics>
  </project>
</coverage>
