{"/Users/skbolton/Development/Arbiter/lib/arbiter.js": {"path":"/Users/skbolton/Development/Arbiter/lib/arbiter.js","statementMap":{"0":{"start":{"line":1,"column":17},"end":{"line":1,"column":44}},"1":{"start":{"line":2,"column":16},"end":{"line":2,"column":32}},"2":{"start":{"line":11,"column":4},"end":{"line":11,"column":30}},"3":{"start":{"line":12,"column":4},"end":{"line":12,"column":22}},"4":{"start":{"line":13,"column":4},"end":{"line":13,"column":22}},"5":{"start":{"line":14,"column":4},"end":{"line":14,"column":22}},"6":{"start":{"line":25,"column":4},"end":{"line":25,"column":73}},"7":{"start":{"line":26,"column":4},"end":{"line":26,"column":44}},"8":{"start":{"line":37,"column":4},"end":{"line":39,"column":82}},"9":{"start":{"line":53,"column":4},"end":{"line":55,"column":5}},"10":{"start":{"line":54,"column":6},"end":{"line":54,"column":78}},"11":{"start":{"line":56,"column":4},"end":{"line":56,"column":60}},"12":{"start":{"line":57,"column":4},"end":{"line":57,"column":30}},"13":{"start":{"line":64,"column":4},"end":{"line":64,"column":31}},"14":{"start":{"line":68,"column":0},"end":{"line":68,"column":24}}},"fnMap":{"0":{"name":"(anonymous_0)","decl":{"start":{"line":10,"column":2},"end":{"line":10,"column":3}},"loc":{"start":{"line":10,"column":33},"end":{"line":15,"column":3}},"line":10},"1":{"name":"(anonymous_1)","decl":{"start":{"line":24,"column":2},"end":{"line":24,"column":3}},"loc":{"start":{"line":24,"column":21},"end":{"line":27,"column":3}},"line":24},"2":{"name":"(anonymous_2)","decl":{"start":{"line":36,"column":2},"end":{"line":36,"column":3}},"loc":{"start":{"line":36,"column":19},"end":{"line":40,"column":3}},"line":36},"3":{"name":"(anonymous_3)","decl":{"start":{"line":52,"column":2},"end":{"line":52,"column":3}},"loc":{"start":{"line":52,"column":23},"end":{"line":58,"column":3}},"line":52},"4":{"name":"(anonymous_4)","decl":{"start":{"line":63,"column":2},"end":{"line":63,"column":3}},"loc":{"start":{"line":63,"column":11},"end":{"line":65,"column":3}},"line":63}},"branchMap":{"0":{"loc":{"start":{"line":37,"column":11},"end":{"line":39,"column":82}},"type":"cond-expr","locations":[{"start":{"line":38,"column":8},"end":{"line":38,"column":35}},{"start":{"line":39,"column":8},"end":{"line":39,"column":82}}],"line":37},"1":{"loc":{"start":{"line":53,"column":4},"end":{"line":55,"column":5}},"type":"if","locations":[{"start":{"line":53,"column":4},"end":{"line":55,"column":5}},{"start":{"line":53,"column":4},"end":{"line":55,"column":5}}],"line":53}},"s":{"0":1,"1":1,"2":9,"3":9,"4":9,"5":9,"6":4,"7":3,"8":3,"9":3,"10":1,"11":2,"12":2,"13":1,"14":1},"f":{"0":9,"1":4,"2":3,"3":3,"4":1},"b":{"0":[2,1],"1":[1,2]},"_coverageSchema":"332fd63041d2c1bcb487cc26dd0d5f7d97098a6c","hash":"9015abb5b665b3c00caecdca82db503d1576400a"}
,"/Users/skbolton/Development/Arbiter/lib/connection.js": {"path":"/Users/skbolton/Development/Arbiter/lib/connection.js","statementMap":{"0":{"start":{"line":1,"column":16},"end":{"line":1,"column":34}},"1":{"start":{"line":2,"column":19},"end":{"line":2,"column":41}},"2":{"start":{"line":4,"column":25},"end":{"line":25,"column":2}},"3":{"start":{"line":27,"column":27},"end":{"line":27,"column":54}},"4":{"start":{"line":28,"column":20},"end":{"line":28,"column":40}},"5":{"start":{"line":29,"column":27},"end":{"line":29,"column":54}},"6":{"start":{"line":30,"column":23},"end":{"line":30,"column":46}},"7":{"start":{"line":31,"column":16},"end":{"line":31,"column":32}},"8":{"start":{"line":47,"column":29},"end":{"line":47,"column":53}},"9":{"start":{"line":48,"column":4},"end":{"line":48,"column":65}},"10":{"start":{"line":49,"column":4},"end":{"line":49,"column":75}},"11":{"start":{"line":50,"column":4},"end":{"line":50,"column":36}},"12":{"start":{"line":52,"column":4},"end":{"line":52,"column":31}},"13":{"start":{"line":63,"column":4},"end":{"line":63,"column":64}},"14":{"start":{"line":63,"column":33},"end":{"line":63,"column":64}},"15":{"start":{"line":65,"column":19},"end":{"line":65,"column":41}},"16":{"start":{"line":66,"column":19},"end":{"line":66,"column":41}},"17":{"start":{"line":68,"column":22},"end":{"line":68,"column":58}},"18":{"start":{"line":69,"column":4},"end":{"line":69,"column":44}},"19":{"start":{"line":69,"column":21},"end":{"line":69,"column":44}},"20":{"start":{"line":71,"column":4},"end":{"line":71,"column":37}},"21":{"start":{"line":72,"column":4},"end":{"line":78,"column":8}},"22":{"start":{"line":73,"column":18},"end":{"line":73,"column":61}},"23":{"start":{"line":74,"column":18},"end":{"line":74,"column":35}},"24":{"start":{"line":76,"column":8},"end":{"line":76,"column":35}},"25":{"start":{"line":77,"column":8},"end":{"line":77,"column":17}},"26":{"start":{"line":80,"column":4},"end":{"line":80,"column":35}},"27":{"start":{"line":91,"column":4},"end":{"line":91,"column":31}},"28":{"start":{"line":101,"column":4},"end":{"line":101,"column":72}},"29":{"start":{"line":101,"column":60},"end":{"line":101,"column":72}},"30":{"start":{"line":102,"column":4},"end":{"line":102,"column":70}},"31":{"start":{"line":102,"column":58},"end":{"line":102,"column":70}},"32":{"start":{"line":104,"column":4},"end":{"line":104,"column":15}},"33":{"start":{"line":114,"column":4},"end":{"line":114,"column":39}},"34":{"start":{"line":114,"column":31},"end":{"line":114,"column":39}},"35":{"start":{"line":115,"column":4},"end":{"line":115,"column":44}},"36":{"start":{"line":119,"column":0},"end":{"line":119,"column":23}}},"fnMap":{"0":{"name":"(anonymous_0)","decl":{"start":{"line":45,"column":2},"end":{"line":45,"column":3}},"loc":{"start":{"line":45,"column":23},"end":{"line":53,"column":3}},"line":45},"1":{"name":"(anonymous_1)","decl":{"start":{"line":62,"column":2},"end":{"line":62,"column":3}},"loc":{"start":{"line":62,"column":19},"end":{"line":81,"column":3}},"line":62},"2":{"name":"(anonymous_2)","decl":{"start":{"line":73,"column":12},"end":{"line":73,"column":13}},"loc":{"start":{"line":73,"column":18},"end":{"line":73,"column":61}},"line":73},"3":{"name":"(anonymous_3)","decl":{"start":{"line":74,"column":12},"end":{"line":74,"column":13}},"loc":{"start":{"line":74,"column":18},"end":{"line":74,"column":35}},"line":74},"4":{"name":"(anonymous_4)","decl":{"start":{"line":75,"column":13},"end":{"line":75,"column":14}},"loc":{"start":{"line":75,"column":20},"end":{"line":78,"column":7}},"line":75},"5":{"name":"(anonymous_5)","decl":{"start":{"line":90,"column":2},"end":{"line":90,"column":3}},"loc":{"start":{"line":90,"column":26},"end":{"line":92,"column":3}},"line":90},"6":{"name":"(anonymous_6)","decl":{"start":{"line":100,"column":2},"end":{"line":100,"column":3}},"loc":{"start":{"line":100,"column":28},"end":{"line":105,"column":3}},"line":100},"7":{"name":"(anonymous_7)","decl":{"start":{"line":113,"column":2},"end":{"line":113,"column":3}},"loc":{"start":{"line":113,"column":26},"end":{"line":116,"column":3}},"line":113}},"branchMap":{"0":{"loc":{"start":{"line":63,"column":4},"end":{"line":63,"column":64}},"type":"if","locations":[{"start":{"line":63,"column":4},"end":{"line":63,"column":64}},{"start":{"line":63,"column":4},"end":{"line":63,"column":64}}],"line":63},"1":{"loc":{"start":{"line":69,"column":4},"end":{"line":69,"column":44}},"type":"if","locations":[{"start":{"line":69,"column":4},"end":{"line":69,"column":44}},{"start":{"line":69,"column":4},"end":{"line":69,"column":44}}],"line":69},"2":{"loc":{"start":{"line":101,"column":4},"end":{"line":101,"column":72}},"type":"if","locations":[{"start":{"line":101,"column":4},"end":{"line":101,"column":72}},{"start":{"line":101,"column":4},"end":{"line":101,"column":72}}],"line":101},"3":{"loc":{"start":{"line":101,"column":8},"end":{"line":101,"column":58}},"type":"binary-expr","locations":[{"start":{"line":101,"column":8},"end":{"line":101,"column":33}},{"start":{"line":101,"column":37},"end":{"line":101,"column":58}}],"line":101},"4":{"loc":{"start":{"line":102,"column":4},"end":{"line":102,"column":70}},"type":"if","locations":[{"start":{"line":102,"column":4},"end":{"line":102,"column":70}},{"start":{"line":102,"column":4},"end":{"line":102,"column":70}}],"line":102},"5":{"loc":{"start":{"line":114,"column":4},"end":{"line":114,"column":39}},"type":"if","locations":[{"start":{"line":114,"column":4},"end":{"line":114,"column":39}},{"start":{"line":114,"column":4},"end":{"line":114,"column":39}}],"line":114}},"s":{"0":1,"1":1,"2":1,"3":1,"4":1,"5":1,"6":1,"7":1,"8":9,"9":6,"10":6,"11":6,"12":6,"13":5,"14":1,"15":4,"16":4,"17":4,"18":4,"19":0,"20":4,"21":4,"22":4,"23":4,"24":0,"25":0,"26":4,"27":6,"28":5,"29":3,"30":2,"31":1,"32":1,"33":2,"34":0,"35":2,"36":1},"f":{"0":9,"1":5,"2":4,"3":4,"4":0,"5":6,"6":5,"7":2},"b":{"0":[1,4],"1":[0,4],"2":[3,2],"3":[5,2],"4":[1,1],"5":[0,2]},"_coverageSchema":"332fd63041d2c1bcb487cc26dd0d5f7d97098a6c","hash":"e236cdccfc9b6361a50991194df4b8222b3d8c4b"}
,"/Users/skbolton/Development/Arbiter/lib/model.js": {"path":"/Users/skbolton/Development/Arbiter/lib/model.js","statementMap":{"0":{"start":{"line":1,"column":14},"end":{"line":1,"column":32}},"1":{"start":{"line":2,"column":14},"end":{"line":2,"column":39}},"2":{"start":{"line":3,"column":16},"end":{"line":3,"column":46}},"3":{"start":{"line":4,"column":17},"end":{"line":4,"column":34}},"4":{"start":{"line":8,"column":4},"end":{"line":15,"column":6}},"5":{"start":{"line":16,"column":4},"end":{"line":16,"column":28}},"6":{"start":{"line":20,"column":4},"end":{"line":20,"column":31}},"7":{"start":{"line":30,"column":18},"end":{"line":30,"column":63}},"8":{"start":{"line":31,"column":4},"end":{"line":33,"column":6}},"9":{"start":{"line":32,"column":6},"end":{"line":32,"column":26}},"10":{"start":{"line":34,"column":4},"end":{"line":34,"column":16}},"11":{"start":{"line":42,"column":4},"end":{"line":43,"column":48}},"12":{"start":{"line":43,"column":20},"end":{"line":43,"column":47}},"13":{"start":{"line":48,"column":4},"end":{"line":48,"column":38}},"14":{"start":{"line":52,"column":4},"end":{"line":52,"column":28}},"15":{"start":{"line":56,"column":4},"end":{"line":56,"column":33}},"16":{"start":{"line":60,"column":0},"end":{"line":60,"column":22}}},"fnMap":{"0":{"name":"(anonymous_0)","decl":{"start":{"line":7,"column":2},"end":{"line":7,"column":3}},"loc":{"start":{"line":7,"column":38},"end":{"line":17,"column":3}},"line":7},"1":{"name":"(anonymous_1)","decl":{"start":{"line":19,"column":2},"end":{"line":19,"column":3}},"loc":{"start":{"line":19,"column":18},"end":{"line":21,"column":3}},"line":19},"2":{"name":"(anonymous_2)","decl":{"start":{"line":29,"column":2},"end":{"line":29,"column":3}},"loc":{"start":{"line":29,"column":20},"end":{"line":35,"column":3}},"line":29},"3":{"name":"(anonymous_3)","decl":{"start":{"line":31,"column":20},"end":{"line":31,"column":21}},"loc":{"start":{"line":31,"column":38},"end":{"line":33,"column":5}},"line":31},"4":{"name":"(anonymous_4)","decl":{"start":{"line":41,"column":2},"end":{"line":41,"column":3}},"loc":{"start":{"line":41,"column":13},"end":{"line":44,"column":3}},"line":41},"5":{"name":"(anonymous_5)","decl":{"start":{"line":43,"column":12},"end":{"line":43,"column":13}},"loc":{"start":{"line":43,"column":20},"end":{"line":43,"column":47}},"line":43},"6":{"name":"(anonymous_6)","decl":{"start":{"line":47,"column":2},"end":{"line":47,"column":3}},"loc":{"start":{"line":47,"column":19},"end":{"line":49,"column":3}},"line":47},"7":{"name":"(anonymous_7)","decl":{"start":{"line":51,"column":2},"end":{"line":51,"column":3}},"loc":{"start":{"line":51,"column":16},"end":{"line":53,"column":3}},"line":51},"8":{"name":"(anonymous_8)","decl":{"start":{"line":55,"column":2},"end":{"line":55,"column":3}},"loc":{"start":{"line":55,"column":18},"end":{"line":57,"column":3}},"line":55}},"branchMap":{"0":{"loc":{"start":{"line":29,"column":7},"end":{"line":29,"column":18}},"type":"default-arg","locations":[{"start":{"line":29,"column":16},"end":{"line":29,"column":18}}],"line":29},"1":{"loc":{"start":{"line":47,"column":8},"end":{"line":47,"column":17}},"type":"default-arg","locations":[{"start":{"line":47,"column":15},"end":{"line":47,"column":17}}],"line":47}},"s":{"0":1,"1":1,"2":1,"3":1,"4":6,"5":6,"6":2,"7":0,"8":0,"9":0,"10":0,"11":1,"12":1,"13":3,"14":1,"15":1,"16":1},"f":{"0":6,"1":2,"2":0,"3":0,"4":1,"5":1,"6":3,"7":1,"8":1},"b":{"0":[0],"1":[0]},"_coverageSchema":"332fd63041d2c1bcb487cc26dd0d5f7d97098a6c","hash":"32fdcb5995313fb655eab7c92621becf76363499"}
,"/Users/skbolton/Development/Arbiter/lib/query.js": {"path":"/Users/skbolton/Development/Arbiter/lib/query.js","statementMap":{"0":{"start":{"line":1,"column":16},"end":{"line":1,"column":35}},"1":{"start":{"line":2,"column":14},"end":{"line":2,"column":41}},"2":{"start":{"line":3,"column":14},"end":{"line":3,"column":39}},"3":{"start":{"line":17,"column":4},"end":{"line":24,"column":6}},"4":{"start":{"line":26,"column":4},"end":{"line":26,"column":34}},"5":{"start":{"line":27,"column":4},"end":{"line":27,"column":30}},"6":{"start":{"line":28,"column":4},"end":{"line":28,"column":20}},"7":{"start":{"line":29,"column":4},"end":{"line":29,"column":21}},"8":{"start":{"line":30,"column":4},"end":{"line":30,"column":22}},"9":{"start":{"line":31,"column":4},"end":{"line":31,"column":21}},"10":{"start":{"line":32,"column":4},"end":{"line":32,"column":21}},"11":{"start":{"line":33,"column":4},"end":{"line":33,"column":30}},"12":{"start":{"line":42,"column":4},"end":{"line":47,"column":5}},"13":{"start":{"line":43,"column":6},"end":{"line":43,"column":84}},"14":{"start":{"line":44,"column":6},"end":{"line":44,"column":72}},"15":{"start":{"line":46,"column":6},"end":{"line":46,"column":26}},"16":{"start":{"line":48,"column":4},"end":{"line":48,"column":15}},"17":{"start":{"line":52,"column":4},"end":{"line":52,"column":33}},"18":{"start":{"line":56,"column":4},"end":{"line":66,"column":5}},"19":{"start":{"line":57,"column":6},"end":{"line":57,"column":71}},"20":{"start":{"line":58,"column":38},"end":{"line":58,"column":55}},"21":{"start":{"line":59,"column":36},"end":{"line":59,"column":82}},"22":{"start":{"line":60,"column":6},"end":{"line":63,"column":12}},"23":{"start":{"line":61,"column":8},"end":{"line":61,"column":67}},"24":{"start":{"line":62,"column":8},"end":{"line":62,"column":32}},"25":{"start":{"line":65,"column":6},"end":{"line":65,"column":26}},"26":{"start":{"line":68,"column":4},"end":{"line":70,"column":5}},"27":{"start":{"line":69,"column":6},"end":{"line":69,"column":31}},"28":{"start":{"line":71,"column":4},"end":{"line":71,"column":15}},"29":{"start":{"line":75,"column":4},"end":{"line":75,"column":23}},"30":{"start":{"line":76,"column":4},"end":{"line":76,"column":15}},"31":{"start":{"line":80,"column":4},"end":{"line":80,"column":23}},"32":{"start":{"line":81,"column":4},"end":{"line":81,"column":15}},"33":{"start":{"line":85,"column":4},"end":{"line":85,"column":23}},"34":{"start":{"line":86,"column":4},"end":{"line":86,"column":15}},"35":{"start":{"line":91,"column":4},"end":{"line":94,"column":5}},"36":{"start":{"line":98,"column":4},"end":{"line":98,"column":15}},"37":{"start":{"line":102,"column":4},"end":{"line":102,"column":55}},"38":{"start":{"line":106,"column":4},"end":{"line":106,"column":25}},"39":{"start":{"line":110,"column":4},"end":{"line":110,"column":25}},"40":{"start":{"line":115,"column":4},"end":{"line":117,"column":5}},"41":{"start":{"line":116,"column":6},"end":{"line":116,"column":68}},"42":{"start":{"line":118,"column":30},"end":{"line":118,"column":69}},"43":{"start":{"line":119,"column":4},"end":{"line":135,"column":51}},"44":{"start":{"line":121,"column":22},"end":{"line":121,"column":84}},"45":{"start":{"line":122,"column":8},"end":{"line":124,"column":9}},"46":{"start":{"line":123,"column":10},"end":{"line":123,"column":31}},"47":{"start":{"line":125,"column":8},"end":{"line":127,"column":9}},"48":{"start":{"line":126,"column":10},"end":{"line":126,"column":34}},"49":{"start":{"line":128,"column":8},"end":{"line":131,"column":9}},"50":{"start":{"line":129,"column":24},"end":{"line":129,"column":65}},"51":{"start":{"line":130,"column":10},"end":{"line":130,"column":43}},"52":{"start":{"line":132,"column":8},"end":{"line":132,"column":30}},"53":{"start":{"line":139,"column":19},"end":{"line":139,"column":73}},"54":{"start":{"line":141,"column":4},"end":{"line":141,"column":28}},"55":{"start":{"line":142,"column":22},"end":{"line":142,"column":55}},"56":{"start":{"line":143,"column":4},"end":{"line":145,"column":92}},"57":{"start":{"line":145,"column":34},"end":{"line":145,"column":91}},"58":{"start":{"line":149,"column":4},"end":{"line":149,"column":20}},"59":{"start":{"line":153,"column":4},"end":{"line":155,"column":5}},"60":{"start":{"line":154,"column":6},"end":{"line":154,"column":45}},"61":{"start":{"line":156,"column":4},"end":{"line":156,"column":58}},"62":{"start":{"line":160,"column":19},"end":{"line":160,"column":38}},"63":{"start":{"line":161,"column":21},"end":{"line":161,"column":42}},"64":{"start":{"line":162,"column":4},"end":{"line":166,"column":10}},"65":{"start":{"line":163,"column":28},"end":{"line":163,"column":73}},"66":{"start":{"line":164,"column":6},"end":{"line":164,"column":49}},"67":{"start":{"line":165,"column":6},"end":{"line":165,"column":21}},"68":{"start":{"line":170,"column":0},"end":{"line":170,"column":22}}},"fnMap":{"0":{"name":"(anonymous_0)","decl":{"start":{"line":16,"column":2},"end":{"line":16,"column":3}},"loc":{"start":{"line":16,"column":22},"end":{"line":34,"column":3}},"line":16},"1":{"name":"(anonymous_1)","decl":{"start":{"line":41,"column":2},"end":{"line":41,"column":3}},"loc":{"start":{"line":41,"column":21},"end":{"line":49,"column":3}},"line":41},"2":{"name":"(anonymous_2)","decl":{"start":{"line":51,"column":2},"end":{"line":51,"column":3}},"loc":{"start":{"line":51,"column":21},"end":{"line":53,"column":3}},"line":51},"3":{"name":"(anonymous_3)","decl":{"start":{"line":55,"column":2},"end":{"line":55,"column":3}},"loc":{"start":{"line":55,"column":20},"end":{"line":72,"column":3}},"line":55},"4":{"name":"(anonymous_4)","decl":{"start":{"line":60,"column":49},"end":{"line":60,"column":50}},"loc":{"start":{"line":60,"column":82},"end":{"line":63,"column":7}},"line":60},"5":{"name":"(anonymous_5)","decl":{"start":{"line":74,"column":2},"end":{"line":74,"column":3}},"loc":{"start":{"line":74,"column":16},"end":{"line":77,"column":3}},"line":74},"6":{"name":"(anonymous_6)","decl":{"start":{"line":79,"column":2},"end":{"line":79,"column":3}},"loc":{"start":{"line":79,"column":16},"end":{"line":82,"column":3}},"line":79},"7":{"name":"(anonymous_7)","decl":{"start":{"line":84,"column":2},"end":{"line":84,"column":3}},"loc":{"start":{"line":84,"column":18},"end":{"line":87,"column":3}},"line":84},"8":{"name":"(anonymous_8)","decl":{"start":{"line":90,"column":2},"end":{"line":90,"column":3}},"loc":{"start":{"line":90,"column":28},"end":{"line":95,"column":3}},"line":90},"9":{"name":"(anonymous_9)","decl":{"start":{"line":97,"column":2},"end":{"line":97,"column":3}},"loc":{"start":{"line":97,"column":10},"end":{"line":99,"column":3}},"line":97},"10":{"name":"(anonymous_10)","decl":{"start":{"line":101,"column":2},"end":{"line":101,"column":3}},"loc":{"start":{"line":101,"column":33},"end":{"line":103,"column":3}},"line":101},"11":{"name":"(anonymous_11)","decl":{"start":{"line":105,"column":2},"end":{"line":105,"column":3}},"loc":{"start":{"line":105,"column":13},"end":{"line":107,"column":3}},"line":105},"12":{"name":"(anonymous_12)","decl":{"start":{"line":109,"column":2},"end":{"line":109,"column":3}},"loc":{"start":{"line":109,"column":10},"end":{"line":111,"column":3}},"line":109},"13":{"name":"(anonymous_13)","decl":{"start":{"line":114,"column":2},"end":{"line":114,"column":3}},"loc":{"start":{"line":114,"column":13},"end":{"line":136,"column":3}},"line":114},"14":{"name":"(anonymous_14)","decl":{"start":{"line":120,"column":12},"end":{"line":120,"column":13}},"loc":{"start":{"line":120,"column":23},"end":{"line":133,"column":7}},"line":120},"15":{"name":"(anonymous_15)","decl":{"start":{"line":138,"column":2},"end":{"line":138,"column":3}},"loc":{"start":{"line":138,"column":29},"end":{"line":146,"column":3}},"line":138},"16":{"name":"(anonymous_16)","decl":{"start":{"line":145,"column":22},"end":{"line":145,"column":23}},"loc":{"start":{"line":145,"column":34},"end":{"line":145,"column":91}},"line":145},"17":{"name":"(anonymous_17)","decl":{"start":{"line":148,"column":2},"end":{"line":148,"column":3}},"loc":{"start":{"line":148,"column":37},"end":{"line":150,"column":3}},"line":148},"18":{"name":"(anonymous_18)","decl":{"start":{"line":152,"column":2},"end":{"line":152,"column":3}},"loc":{"start":{"line":152,"column":32},"end":{"line":157,"column":3}},"line":152},"19":{"name":"(anonymous_19)","decl":{"start":{"line":159,"column":2},"end":{"line":159,"column":3}},"loc":{"start":{"line":159,"column":36},"end":{"line":167,"column":3}},"line":159},"20":{"name":"(anonymous_20)","decl":{"start":{"line":162,"column":25},"end":{"line":162,"column":26}},"loc":{"start":{"line":162,"column":51},"end":{"line":166,"column":5}},"line":162}},"branchMap":{"0":{"loc":{"start":{"line":55,"column":9},"end":{"line":55,"column":18}},"type":"default-arg","locations":[{"start":{"line":55,"column":16},"end":{"line":55,"column":18}}],"line":55},"1":{"loc":{"start":{"line":68,"column":4},"end":{"line":70,"column":5}},"type":"if","locations":[{"start":{"line":68,"column":4},"end":{"line":70,"column":5}},{"start":{"line":68,"column":4},"end":{"line":70,"column":5}}],"line":68},"2":{"loc":{"start":{"line":68,"column":8},"end":{"line":68,"column":56}},"type":"binary-expr","locations":[{"start":{"line":68,"column":8},"end":{"line":68,"column":22}},{"start":{"line":68,"column":26},"end":{"line":68,"column":56}}],"line":68},"3":{"loc":{"start":{"line":90,"column":15},"end":{"line":90,"column":26}},"type":"default-arg","locations":[{"start":{"line":90,"column":21},"end":{"line":90,"column":26}}],"line":90},"4":{"loc":{"start":{"line":115,"column":4},"end":{"line":117,"column":5}},"type":"if","locations":[{"start":{"line":115,"column":4},"end":{"line":117,"column":5}},{"start":{"line":115,"column":4},"end":{"line":117,"column":5}}],"line":115},"5":{"loc":{"start":{"line":118,"column":30},"end":{"line":118,"column":69}},"type":"cond-expr","locations":[{"start":{"line":118,"column":51},"end":{"line":118,"column":60}},{"start":{"line":118,"column":63},"end":{"line":118,"column":69}}],"line":118},"6":{"loc":{"start":{"line":122,"column":8},"end":{"line":124,"column":9}},"type":"if","locations":[{"start":{"line":122,"column":8},"end":{"line":124,"column":9}},{"start":{"line":122,"column":8},"end":{"line":124,"column":9}}],"line":122},"7":{"loc":{"start":{"line":125,"column":8},"end":{"line":127,"column":9}},"type":"if","locations":[{"start":{"line":125,"column":8},"end":{"line":127,"column":9}},{"start":{"line":125,"column":8},"end":{"line":127,"column":9}}],"line":125},"8":{"loc":{"start":{"line":128,"column":8},"end":{"line":131,"column":9}},"type":"if","locations":[{"start":{"line":128,"column":8},"end":{"line":131,"column":9}},{"start":{"line":128,"column":8},"end":{"line":131,"column":9}}],"line":128},"9":{"loc":{"start":{"line":139,"column":19},"end":{"line":139,"column":73}},"type":"cond-expr","locations":[{"start":{"line":139,"column":40},"end":{"line":139,"column":51}},{"start":{"line":139,"column":54},"end":{"line":139,"column":73}}],"line":139},"10":{"loc":{"start":{"line":143,"column":11},"end":{"line":145,"column":92}},"type":"cond-expr","locations":[{"start":{"line":144,"column":8},"end":{"line":144,"column":66}},{"start":{"line":145,"column":8},"end":{"line":145,"column":92}}],"line":143},"11":{"loc":{"start":{"line":153,"column":4},"end":{"line":155,"column":5}},"type":"if","locations":[{"start":{"line":153,"column":4},"end":{"line":155,"column":5}},{"start":{"line":153,"column":4},"end":{"line":155,"column":5}}],"line":153}},"s":{"0":1,"1":1,"2":1,"3":0,"4":0,"5":0,"6":0,"7":0,"8":0,"9":0,"10":0,"11":0,"12":0,"13":0,"14":0,"15":0,"16":0,"17":0,"18":0,"19":0,"20":0,"21":0,"22":0,"23":0,"24":0,"25":0,"26":0,"27":0,"28":0,"29":0,"30":0,"31":0,"32":0,"33":0,"34":0,"35":0,"36":0,"37":0,"38":0,"39":0,"40":0,"41":0,"42":0,"43":0,"44":0,"45":0,"46":0,"47":0,"48":0,"49":0,"50":0,"51":0,"52":0,"53":0,"54":0,"55":0,"56":0,"57":0,"58":0,"59":0,"60":0,"61":0,"62":0,"63":0,"64":0,"65":0,"66":0,"67":0,"68":1},"f":{"0":0,"1":0,"2":0,"3":0,"4":0,"5":0,"6":0,"7":0,"8":0,"9":0,"10":0,"11":0,"12":0,"13":0,"14":0,"15":0,"16":0,"17":0,"18":0,"19":0,"20":0},"b":{"0":[0],"1":[0,0],"2":[0,0],"3":[0],"4":[0,0],"5":[0,0],"6":[0,0],"7":[0,0],"8":[0,0],"9":[0,0],"10":[0,0],"11":[0,0]},"_coverageSchema":"332fd63041d2c1bcb487cc26dd0d5f7d97098a6c","hash":"ba252906ca3b70ae4f1e6c95d79c47fab54a41e4"}
,"/Users/skbolton/Development/Arbiter/lib/_model/grunt.js": {"path":"/Users/skbolton/Development/Arbiter/lib/_model/grunt.js","statementMap":{"0":{"start":{"line":1,"column":16},"end":{"line":1,"column":47}},"1":{"start":{"line":2,"column":15},"end":{"line":2,"column":30}},"2":{"start":{"line":3,"column":18},"end":{"line":3,"column":36}},"3":{"start":{"line":4,"column":17},"end":{"line":4,"column":34}},"4":{"start":{"line":5,"column":16},"end":{"line":5,"column":32}},"5":{"start":{"line":6,"column":16},"end":{"line":6,"column":32}},"6":{"start":{"line":7,"column":21},"end":{"line":7,"column":42}},"7":{"start":{"line":8,"column":20},"end":{"line":8,"column":40}},"8":{"start":{"line":25,"column":4},"end":{"line":34,"column":6}},"9":{"start":{"line":35,"column":4},"end":{"line":35,"column":30}},"10":{"start":{"line":36,"column":4},"end":{"line":36,"column":24}},"11":{"start":{"line":37,"column":4},"end":{"line":37,"column":36}},"12":{"start":{"line":38,"column":4},"end":{"line":38,"column":28}},"13":{"start":{"line":39,"column":4},"end":{"line":39,"column":35}},"14":{"start":{"line":49,"column":4},"end":{"line":49,"column":40}},"15":{"start":{"line":60,"column":4},"end":{"line":69,"column":8}},"16":{"start":{"line":63,"column":8},"end":{"line":63,"column":37}},"17":{"start":{"line":64,"column":8},"end":{"line":64,"column":61}},"18":{"start":{"line":67,"column":8},"end":{"line":67,"column":29}},"19":{"start":{"line":68,"column":8},"end":{"line":68,"column":19}},"20":{"start":{"line":80,"column":4},"end":{"line":87,"column":8}},"21":{"start":{"line":82,"column":20},"end":{"line":82,"column":66}},"22":{"start":{"line":84,"column":8},"end":{"line":84,"column":20}},"23":{"start":{"line":85,"column":8},"end":{"line":85,"column":29}},"24":{"start":{"line":86,"column":8},"end":{"line":86,"column":19}},"25":{"start":{"line":91,"column":17},"end":{"line":91,"column":19}},"26":{"start":{"line":92,"column":4},"end":{"line":94,"column":6}},"27":{"start":{"line":93,"column":6},"end":{"line":93,"column":33}},"28":{"start":{"line":95,"column":4},"end":{"line":95,"column":28}},"29":{"start":{"line":107,"column":4},"end":{"line":130,"column":5}},"30":{"start":{"line":109,"column":6},"end":{"line":109,"column":26}},"31":{"start":{"line":110,"column":6},"end":{"line":112,"column":7}},"32":{"start":{"line":111,"column":8},"end":{"line":111,"column":50}},"33":{"start":{"line":114,"column":6},"end":{"line":116,"column":7}},"34":{"start":{"line":115,"column":8},"end":{"line":115,"column":36}},"35":{"start":{"line":118,"column":6},"end":{"line":118,"column":28}},"36":{"start":{"line":121,"column":6},"end":{"line":123,"column":7}},"37":{"start":{"line":122,"column":8},"end":{"line":122,"column":50}},"38":{"start":{"line":125,"column":6},"end":{"line":127,"column":7}},"39":{"start":{"line":126,"column":8},"end":{"line":126,"column":36}},"40":{"start":{"line":129,"column":6},"end":{"line":129,"column":28}},"41":{"start":{"line":134,"column":0},"end":{"line":134,"column":22}}},"fnMap":{"0":{"name":"(anonymous_0)","decl":{"start":{"line":24,"column":2},"end":{"line":24,"column":3}},"loc":{"start":{"line":24,"column":38},"end":{"line":40,"column":3}},"line":24},"1":{"name":"(anonymous_1)","decl":{"start":{"line":48,"column":2},"end":{"line":48,"column":3}},"loc":{"start":{"line":48,"column":20},"end":{"line":50,"column":3}},"line":48},"2":{"name":"(anonymous_2)","decl":{"start":{"line":59,"column":2},"end":{"line":59,"column":3}},"loc":{"start":{"line":59,"column":15},"end":{"line":70,"column":3}},"line":59},"3":{"name":"(anonymous_3)","decl":{"start":{"line":62,"column":12},"end":{"line":62,"column":13}},"loc":{"start":{"line":62,"column":20},"end":{"line":65,"column":7}},"line":62},"4":{"name":"(anonymous_4)","decl":{"start":{"line":66,"column":12},"end":{"line":66,"column":13}},"loc":{"start":{"line":66,"column":18},"end":{"line":69,"column":7}},"line":66},"5":{"name":"(anonymous_5)","decl":{"start":{"line":79,"column":2},"end":{"line":79,"column":3}},"loc":{"start":{"line":79,"column":15},"end":{"line":88,"column":3}},"line":79},"6":{"name":"(anonymous_6)","decl":{"start":{"line":82,"column":12},"end":{"line":82,"column":13}},"loc":{"start":{"line":82,"column":20},"end":{"line":82,"column":66}},"line":82},"7":{"name":"(anonymous_7)","decl":{"start":{"line":83,"column":12},"end":{"line":83,"column":13}},"loc":{"start":{"line":83,"column":24},"end":{"line":87,"column":7}},"line":83},"8":{"name":"(anonymous_8)","decl":{"start":{"line":90,"column":2},"end":{"line":90,"column":3}},"loc":{"start":{"line":90,"column":19},"end":{"line":96,"column":3}},"line":90},"9":{"name":"(anonymous_9)","decl":{"start":{"line":92,"column":27},"end":{"line":92,"column":28}},"loc":{"start":{"line":92,"column":43},"end":{"line":94,"column":5}},"line":92},"10":{"name":"(anonymous_10)","decl":{"start":{"line":105,"column":2},"end":{"line":105,"column":3}},"loc":{"start":{"line":105,"column":10},"end":{"line":131,"column":3}},"line":105}},"branchMap":{"0":{"loc":{"start":{"line":107,"column":4},"end":{"line":130,"column":5}},"type":"if","locations":[{"start":{"line":107,"column":4},"end":{"line":130,"column":5}},{"start":{"line":107,"column":4},"end":{"line":130,"column":5}}],"line":107},"1":{"loc":{"start":{"line":110,"column":6},"end":{"line":112,"column":7}},"type":"if","locations":[{"start":{"line":110,"column":6},"end":{"line":112,"column":7}},{"start":{"line":110,"column":6},"end":{"line":112,"column":7}}],"line":110},"2":{"loc":{"start":{"line":114,"column":6},"end":{"line":116,"column":7}},"type":"if","locations":[{"start":{"line":114,"column":6},"end":{"line":116,"column":7}},{"start":{"line":114,"column":6},"end":{"line":116,"column":7}}],"line":114},"3":{"loc":{"start":{"line":121,"column":6},"end":{"line":123,"column":7}},"type":"if","locations":[{"start":{"line":121,"column":6},"end":{"line":123,"column":7}},{"start":{"line":121,"column":6},"end":{"line":123,"column":7}}],"line":121},"4":{"loc":{"start":{"line":125,"column":6},"end":{"line":127,"column":7}},"type":"if","locations":[{"start":{"line":125,"column":6},"end":{"line":127,"column":7}},{"start":{"line":125,"column":6},"end":{"line":127,"column":7}}],"line":125}},"s":{"0":2,"1":2,"2":2,"3":2,"4":2,"5":2,"6":2,"7":2,"8":0,"9":0,"10":0,"11":0,"12":0,"13":0,"14":0,"15":0,"16":0,"17":0,"18":0,"19":0,"20":0,"21":0,"22":0,"23":0,"24":0,"25":0,"26":0,"27":0,"28":0,"29":0,"30":0,"31":0,"32":0,"33":0,"34":0,"35":0,"36":0,"37":0,"38":0,"39":0,"40":0,"41":2},"f":{"0":0,"1":0,"2":0,"3":0,"4":0,"5":0,"6":0,"7":0,"8":0,"9":0,"10":0},"b":{"0":[0,0],"1":[0,0],"2":[0,0],"3":[0,0],"4":[0,0]},"_coverageSchema":"332fd63041d2c1bcb487cc26dd0d5f7d97098a6c","hash":"8749c15399290143ec73bc6bb4d8a4e4d1fa64b5"}
,"/Users/skbolton/Development/Arbiter/lib/schema/handler.js": {"path":"/Users/skbolton/Development/Arbiter/lib/schema/handler.js","statementMap":{"0":{"start":{"line":1,"column":14},"end":{"line":1,"column":42}},"1":{"start":{"line":2,"column":16},"end":{"line":2,"column":47}},"2":{"start":{"line":11,"column":4},"end":{"line":11,"column":30}},"3":{"start":{"line":17,"column":4},"end":{"line":23,"column":5}},"4":{"start":{"line":19,"column":6},"end":{"line":21,"column":7}},"5":{"start":{"line":20,"column":8},"end":{"line":20,"column":19}},"6":{"start":{"line":22,"column":6},"end":{"line":22,"column":41}},"7":{"start":{"line":24,"column":4},"end":{"line":24,"column":22}},"8":{"start":{"line":25,"column":4},"end":{"line":25,"column":15}},"9":{"start":{"line":29,"column":4},"end":{"line":29,"column":21}},"10":{"start":{"line":33,"column":4},"end":{"line":37,"column":5}},"11":{"start":{"line":34,"column":6},"end":{"line":34,"column":58}},"12":{"start":{"line":36,"column":6},"end":{"line":36,"column":17}},"13":{"start":{"line":41,"column":22},"end":{"line":41,"column":50}},"14":{"start":{"line":42,"column":19},"end":{"line":42,"column":35}},"15":{"start":{"line":43,"column":4},"end":{"line":50,"column":5}},"16":{"start":{"line":44,"column":22},"end":{"line":44,"column":44}},"17":{"start":{"line":45,"column":6},"end":{"line":45,"column":40}},"18":{"start":{"line":46,"column":6},"end":{"line":46,"column":32}},"19":{"start":{"line":48,"column":6},"end":{"line":48,"column":35}},"20":{"start":{"line":49,"column":6},"end":{"line":49,"column":34}},"21":{"start":{"line":51,"column":4},"end":{"line":51,"column":17}},"22":{"start":{"line":55,"column":4},"end":{"line":60,"column":6}},"23":{"start":{"line":56,"column":21},"end":{"line":56,"column":65}},"24":{"start":{"line":57,"column":6},"end":{"line":59,"column":7}},"25":{"start":{"line":58,"column":8},"end":{"line":58,"column":29}},"26":{"start":{"line":64,"column":0},"end":{"line":64,"column":22}}},"fnMap":{"0":{"name":"(anonymous_0)","decl":{"start":{"line":10,"column":2},"end":{"line":10,"column":3}},"loc":{"start":{"line":10,"column":26},"end":{"line":12,"column":3}},"line":10},"1":{"name":"(anonymous_1)","decl":{"start":{"line":16,"column":2},"end":{"line":16,"column":3}},"loc":{"start":{"line":16,"column":26},"end":{"line":26,"column":3}},"line":16},"2":{"name":"(anonymous_2)","decl":{"start":{"line":28,"column":2},"end":{"line":28,"column":3}},"loc":{"start":{"line":28,"column":19},"end":{"line":30,"column":3}},"line":28},"3":{"name":"(anonymous_3)","decl":{"start":{"line":32,"column":2},"end":{"line":32,"column":3}},"loc":{"start":{"line":32,"column":30},"end":{"line":38,"column":3}},"line":32},"4":{"name":"(anonymous_4)","decl":{"start":{"line":40,"column":2},"end":{"line":40,"column":3}},"loc":{"start":{"line":40,"column":34},"end":{"line":52,"column":3}},"line":40},"5":{"name":"(anonymous_5)","decl":{"start":{"line":54,"column":2},"end":{"line":54,"column":3}},"loc":{"start":{"line":54,"column":26},"end":{"line":61,"column":3}},"line":54},"6":{"name":"(anonymous_6)","decl":{"start":{"line":55,"column":28},"end":{"line":55,"column":29}},"loc":{"start":{"line":55,"column":37},"end":{"line":60,"column":5}},"line":55}},"branchMap":{"0":{"loc":{"start":{"line":17,"column":4},"end":{"line":23,"column":5}},"type":"if","locations":[{"start":{"line":17,"column":4},"end":{"line":23,"column":5}},{"start":{"line":17,"column":4},"end":{"line":23,"column":5}}],"line":17},"1":{"loc":{"start":{"line":19,"column":6},"end":{"line":21,"column":7}},"type":"if","locations":[{"start":{"line":19,"column":6},"end":{"line":21,"column":7}},{"start":{"line":19,"column":6},"end":{"line":21,"column":7}}],"line":19},"2":{"loc":{"start":{"line":33,"column":4},"end":{"line":37,"column":5}},"type":"if","locations":[{"start":{"line":33,"column":4},"end":{"line":37,"column":5}},{"start":{"line":33,"column":4},"end":{"line":37,"column":5}}],"line":33},"3":{"loc":{"start":{"line":43,"column":4},"end":{"line":50,"column":5}},"type":"if","locations":[{"start":{"line":43,"column":4},"end":{"line":50,"column":5}},{"start":{"line":43,"column":4},"end":{"line":50,"column":5}}],"line":43},"4":{"loc":{"start":{"line":57,"column":6},"end":{"line":59,"column":7}},"type":"if","locations":[{"start":{"line":57,"column":6},"end":{"line":59,"column":7}},{"start":{"line":57,"column":6},"end":{"line":59,"column":7}}],"line":57}},"s":{"0":2,"1":2,"2":10,"3":0,"4":0,"5":0,"6":0,"7":0,"8":0,"9":0,"10":0,"11":0,"12":0,"13":0,"14":0,"15":0,"16":0,"17":0,"18":0,"19":0,"20":0,"21":0,"22":0,"23":0,"24":0,"25":0,"26":2},"f":{"0":10,"1":0,"2":0,"3":0,"4":0,"5":0,"6":0},"b":{"0":[0,0],"1":[0,0],"2":[0,0],"3":[0,0],"4":[0,0]},"_coverageSchema":"332fd63041d2c1bcb487cc26dd0d5f7d97098a6c","hash":"8e4af8928bda8a2f4f32cd1df2cbf7bba93e797a"}
,"/Users/skbolton/Development/Arbiter/lib/schema/schema.js": {"path":"/Users/skbolton/Development/Arbiter/lib/schema/schema.js","statementMap":{"0":{"start":{"line":1,"column":17},"end":{"line":1,"column":45}},"1":{"start":{"line":2,"column":16},"end":{"line":2,"column":36}},"2":{"start":{"line":3,"column":13},"end":{"line":3,"column":30}},"3":{"start":{"line":5,"column":14},"end":{"line":5,"column":28}},"4":{"start":{"line":7,"column":26},"end":{"line":10,"column":1}},"5":{"start":{"line":8,"column":14},"end":{"line":8,"column":79}},"6":{"start":{"line":9,"column":2},"end":{"line":9,"column":22}},"7":{"start":{"line":21,"column":4},"end":{"line":21,"column":66}},"8":{"start":{"line":22,"column":4},"end":{"line":22,"column":62}},"9":{"start":{"line":23,"column":4},"end":{"line":25,"column":6}},"10":{"start":{"line":26,"column":19},"end":{"line":26,"column":28}},"11":{"start":{"line":27,"column":4},"end":{"line":27,"column":42}},"12":{"start":{"line":28,"column":4},"end":{"line":28,"column":59}},"13":{"start":{"line":32,"column":4},"end":{"line":32,"column":40}},"14":{"start":{"line":36,"column":4},"end":{"line":47,"column":5}},"15":{"start":{"line":37,"column":6},"end":{"line":46,"column":7}},"16":{"start":{"line":38,"column":25},"end":{"line":38,"column":64}},"17":{"start":{"line":38,"column":44},"end":{"line":38,"column":63}},"18":{"start":{"line":39,"column":8},"end":{"line":41,"column":9}},"19":{"start":{"line":40,"column":10},"end":{"line":40,"column":22}},"20":{"start":{"line":43,"column":8},"end":{"line":45,"column":9}},"21":{"start":{"line":44,"column":10},"end":{"line":44,"column":22}},"22":{"start":{"line":59,"column":4},"end":{"line":61,"column":5}},"23":{"start":{"line":60,"column":6},"end":{"line":60,"column":42}},"24":{"start":{"line":62,"column":4},"end":{"line":64,"column":5}},"25":{"start":{"line":63,"column":6},"end":{"line":63,"column":53}},"26":{"start":{"line":76,"column":17},"end":{"line":76,"column":19}},"27":{"start":{"line":77,"column":4},"end":{"line":79,"column":6}},"28":{"start":{"line":78,"column":6},"end":{"line":78,"column":22}},"29":{"start":{"line":80,"column":4},"end":{"line":85,"column":6}},"30":{"start":{"line":81,"column":6},"end":{"line":84,"column":7}},"31":{"start":{"line":83,"column":46},"end":{"line":83,"column":64}},"32":{"start":{"line":86,"column":4},"end":{"line":86,"column":17}},"33":{"start":{"line":97,"column":17},"end":{"line":97,"column":19}},"34":{"start":{"line":98,"column":4},"end":{"line":98,"column":69}},"35":{"start":{"line":98,"column":48},"end":{"line":98,"column":68}},"36":{"start":{"line":99,"column":4},"end":{"line":99,"column":17}},"37":{"start":{"line":110,"column":22},"end":{"line":110,"column":24}},"38":{"start":{"line":111,"column":4},"end":{"line":113,"column":6}},"39":{"start":{"line":112,"column":6},"end":{"line":112,"column":30}},"40":{"start":{"line":114,"column":4},"end":{"line":114,"column":20}},"41":{"start":{"line":130,"column":4},"end":{"line":157,"column":10}},"42":{"start":{"line":131,"column":19},"end":{"line":131,"column":35}},"43":{"start":{"line":132,"column":32},"end":{"line":132,"column":36}},"44":{"start":{"line":133,"column":6},"end":{"line":137,"column":7}},"45":{"start":{"line":134,"column":8},"end":{"line":136,"column":36}},"46":{"start":{"line":138,"column":6},"end":{"line":146,"column":7}},"47":{"start":{"line":139,"column":8},"end":{"line":145,"column":9}},"48":{"start":{"line":144,"column":31},"end":{"line":144,"column":57}},"49":{"start":{"line":147,"column":20},"end":{"line":147,"column":53}},"50":{"start":{"line":148,"column":6},"end":{"line":150,"column":7}},"51":{"start":{"line":149,"column":8},"end":{"line":149,"column":49}},"52":{"start":{"line":151,"column":6},"end":{"line":156,"column":7}},"53":{"start":{"line":155,"column":29},"end":{"line":155,"column":55}},"54":{"start":{"line":169,"column":4},"end":{"line":190,"column":10}},"55":{"start":{"line":170,"column":19},"end":{"line":170,"column":35}},"56":{"start":{"line":171,"column":6},"end":{"line":178,"column":7}},"57":{"start":{"line":172,"column":24},"end":{"line":172,"column":51}},"58":{"start":{"line":173,"column":8},"end":{"line":175,"column":9}},"59":{"start":{"line":174,"column":10},"end":{"line":174,"column":49}},"60":{"start":{"line":176,"column":8},"end":{"line":176,"column":34}},"61":{"start":{"line":177,"column":8},"end":{"line":177,"column":27}},"62":{"start":{"line":179,"column":20},"end":{"line":179,"column":32}},"63":{"start":{"line":180,"column":20},"end":{"line":180,"column":51}},"64":{"start":{"line":181,"column":6},"end":{"line":183,"column":7}},"65":{"start":{"line":182,"column":8},"end":{"line":182,"column":47}},"66":{"start":{"line":184,"column":6},"end":{"line":189,"column":7}},"67":{"start":{"line":187,"column":10},"end":{"line":187,"column":38}},"68":{"start":{"line":199,"column":4},"end":{"line":199,"column":72}},"69":{"start":{"line":200,"column":4},"end":{"line":200,"column":73}},"70":{"start":{"line":201,"column":21},"end":{"line":201,"column":36}},"71":{"start":{"line":202,"column":4},"end":{"line":204,"column":5}},"72":{"start":{"line":203,"column":6},"end":{"line":203,"column":54}},"73":{"start":{"line":205,"column":24},"end":{"line":205,"column":32}},"74":{"start":{"line":206,"column":18},"end":{"line":206,"column":51}},"75":{"start":{"line":207,"column":4},"end":{"line":209,"column":5}},"76":{"start":{"line":208,"column":6},"end":{"line":208,"column":70}},"77":{"start":{"line":210,"column":4},"end":{"line":210,"column":90}},"78":{"start":{"line":214,"column":0},"end":{"line":214,"column":24}}},"fnMap":{"0":{"name":"(anonymous_0)","decl":{"start":{"line":7,"column":26},"end":{"line":7,"column":27}},"loc":{"start":{"line":7,"column":45},"end":{"line":10,"column":1}},"line":7},"1":{"name":"(anonymous_1)","decl":{"start":{"line":20,"column":2},"end":{"line":20,"column":3}},"loc":{"start":{"line":20,"column":56},"end":{"line":29,"column":3}},"line":20},"2":{"name":"(anonymous_2)","decl":{"start":{"line":31,"column":2},"end":{"line":31,"column":3}},"loc":{"start":{"line":31,"column":19},"end":{"line":33,"column":3}},"line":31},"3":{"name":"(anonymous_3)","decl":{"start":{"line":35,"column":2},"end":{"line":35,"column":3}},"loc":{"start":{"line":35,"column":20},"end":{"line":48,"column":3}},"line":35},"4":{"name":"(anonymous_4)","decl":{"start":{"line":38,"column":34},"end":{"line":38,"column":35}},"loc":{"start":{"line":38,"column":44},"end":{"line":38,"column":63}},"line":38},"5":{"name":"(anonymous_5)","decl":{"start":{"line":58,"column":2},"end":{"line":58,"column":3}},"loc":{"start":{"line":58,"column":26},"end":{"line":65,"column":3}},"line":58},"6":{"name":"(anonymous_6)","decl":{"start":{"line":75,"column":2},"end":{"line":75,"column":3}},"loc":{"start":{"line":75,"column":18},"end":{"line":87,"column":3}},"line":75},"7":{"name":"(anonymous_7)","decl":{"start":{"line":77,"column":31},"end":{"line":77,"column":32}},"loc":{"start":{"line":77,"column":45},"end":{"line":79,"column":5}},"line":77},"8":{"name":"(anonymous_8)","decl":{"start":{"line":80,"column":33},"end":{"line":80,"column":34}},"loc":{"start":{"line":80,"column":51},"end":{"line":85,"column":5}},"line":80},"9":{"name":"(anonymous_9)","decl":{"start":{"line":83,"column":37},"end":{"line":83,"column":38}},"loc":{"start":{"line":83,"column":46},"end":{"line":83,"column":64}},"line":83},"10":{"name":"(anonymous_10)","decl":{"start":{"line":96,"column":2},"end":{"line":96,"column":3}},"loc":{"start":{"line":96,"column":20},"end":{"line":100,"column":3}},"line":96},"11":{"name":"(anonymous_11)","decl":{"start":{"line":98,"column":31},"end":{"line":98,"column":32}},"loc":{"start":{"line":98,"column":48},"end":{"line":98,"column":68}},"line":98},"12":{"name":"(anonymous_12)","decl":{"start":{"line":109,"column":2},"end":{"line":109,"column":3}},"loc":{"start":{"line":109,"column":21},"end":{"line":115,"column":3}},"line":109},"13":{"name":"(anonymous_13)","decl":{"start":{"line":111,"column":34},"end":{"line":111,"column":35}},"loc":{"start":{"line":111,"column":52},"end":{"line":113,"column":5}},"line":111},"14":{"name":"(anonymous_14)","decl":{"start":{"line":129,"column":2},"end":{"line":129,"column":3}},"loc":{"start":{"line":129,"column":24},"end":{"line":158,"column":3}},"line":129},"15":{"name":"(anonymous_15)","decl":{"start":{"line":130,"column":25},"end":{"line":130,"column":26}},"loc":{"start":{"line":130,"column":46},"end":{"line":157,"column":5}},"line":130},"16":{"name":"(anonymous_16)","decl":{"start":{"line":144,"column":17},"end":{"line":144,"column":18}},"loc":{"start":{"line":144,"column":31},"end":{"line":144,"column":57}},"line":144},"17":{"name":"(anonymous_17)","decl":{"start":{"line":155,"column":15},"end":{"line":155,"column":16}},"loc":{"start":{"line":155,"column":29},"end":{"line":155,"column":55}},"line":155},"18":{"name":"(anonymous_18)","decl":{"start":{"line":168,"column":2},"end":{"line":168,"column":3}},"loc":{"start":{"line":168,"column":21},"end":{"line":191,"column":3}},"line":168},"19":{"name":"(anonymous_19)","decl":{"start":{"line":169,"column":25},"end":{"line":169,"column":26}},"loc":{"start":{"line":169,"column":50},"end":{"line":190,"column":5}},"line":169},"20":{"name":"(anonymous_20)","decl":{"start":{"line":186,"column":49},"end":{"line":186,"column":50}},"loc":{"start":{"line":187,"column":10},"end":{"line":187,"column":38}},"line":187},"21":{"name":"(anonymous_21)","decl":{"start":{"line":198,"column":2},"end":{"line":198,"column":3}},"loc":{"start":{"line":198,"column":32},"end":{"line":211,"column":3}},"line":198}},"branchMap":{"0":{"loc":{"start":{"line":20,"column":33},"end":{"line":20,"column":54}},"type":"default-arg","locations":[{"start":{"line":20,"column":40},"end":{"line":20,"column":54}}],"line":20},"1":{"loc":{"start":{"line":37,"column":6},"end":{"line":46,"column":7}},"type":"if","locations":[{"start":{"line":37,"column":6},"end":{"line":46,"column":7}},{"start":{"line":37,"column":6},"end":{"line":46,"column":7}}],"line":37},"2":{"loc":{"start":{"line":39,"column":8},"end":{"line":41,"column":9}},"type":"if","locations":[{"start":{"line":39,"column":8},"end":{"line":41,"column":9}},{"start":{"line":39,"column":8},"end":{"line":41,"column":9}}],"line":39},"3":{"loc":{"start":{"line":43,"column":8},"end":{"line":45,"column":9}},"type":"if","locations":[{"start":{"line":43,"column":8},"end":{"line":45,"column":9}},{"start":{"line":43,"column":8},"end":{"line":45,"column":9}}],"line":43},"4":{"loc":{"start":{"line":59,"column":4},"end":{"line":61,"column":5}},"type":"if","locations":[{"start":{"line":59,"column":4},"end":{"line":61,"column":5}},{"start":{"line":59,"column":4},"end":{"line":61,"column":5}}],"line":59},"5":{"loc":{"start":{"line":62,"column":4},"end":{"line":64,"column":5}},"type":"if","locations":[{"start":{"line":62,"column":4},"end":{"line":64,"column":5}},{"start":{"line":62,"column":4},"end":{"line":64,"column":5}}],"line":62},"6":{"loc":{"start":{"line":133,"column":6},"end":{"line":137,"column":7}},"type":"if","locations":[{"start":{"line":133,"column":6},"end":{"line":137,"column":7}},{"start":{"line":133,"column":6},"end":{"line":137,"column":7}}],"line":133},"7":{"loc":{"start":{"line":134,"column":15},"end":{"line":136,"column":36}},"type":"cond-expr","locations":[{"start":{"line":135,"column":12},"end":{"line":135,"column":53}},{"start":{"line":136,"column":12},"end":{"line":136,"column":36}}],"line":134},"8":{"loc":{"start":{"line":138,"column":6},"end":{"line":146,"column":7}},"type":"if","locations":[{"start":{"line":138,"column":6},"end":{"line":146,"column":7}},{"start":{"line":138,"column":6},"end":{"line":146,"column":7}}],"line":138},"9":{"loc":{"start":{"line":148,"column":6},"end":{"line":150,"column":7}},"type":"if","locations":[{"start":{"line":148,"column":6},"end":{"line":150,"column":7}},{"start":{"line":148,"column":6},"end":{"line":150,"column":7}}],"line":148},"10":{"loc":{"start":{"line":171,"column":6},"end":{"line":178,"column":7}},"type":"if","locations":[{"start":{"line":171,"column":6},"end":{"line":178,"column":7}},{"start":{"line":171,"column":6},"end":{"line":178,"column":7}}],"line":171},"11":{"loc":{"start":{"line":173,"column":8},"end":{"line":175,"column":9}},"type":"if","locations":[{"start":{"line":173,"column":8},"end":{"line":175,"column":9}},{"start":{"line":173,"column":8},"end":{"line":175,"column":9}}],"line":173},"12":{"loc":{"start":{"line":181,"column":6},"end":{"line":183,"column":7}},"type":"if","locations":[{"start":{"line":181,"column":6},"end":{"line":183,"column":7}},{"start":{"line":181,"column":6},"end":{"line":183,"column":7}}],"line":181},"13":{"loc":{"start":{"line":202,"column":4},"end":{"line":204,"column":5}},"type":"if","locations":[{"start":{"line":202,"column":4},"end":{"line":204,"column":5}},{"start":{"line":202,"column":4},"end":{"line":204,"column":5}}],"line":202},"14":{"loc":{"start":{"line":207,"column":4},"end":{"line":209,"column":5}},"type":"if","locations":[{"start":{"line":207,"column":4},"end":{"line":209,"column":5}},{"start":{"line":207,"column":4},"end":{"line":209,"column":5}}],"line":207}},"s":{"0":2,"1":2,"2":2,"3":2,"4":2,"5":3,"6":3,"7":12,"8":11,"9":10,"10":10,"11":10,"12":10,"13":0,"14":0,"15":0,"16":0,"17":0,"18":0,"19":0,"20":0,"21":0,"22":15,"23":12,"24":3,"25":0,"26":8,"27":8,"28":20,"29":8,"30":6,"31":18,"32":8,"33":1,"34":1,"35":3,"36":1,"37":11,"38":11,"39":11,"40":11,"41":0,"42":0,"43":0,"44":0,"45":0,"46":0,"47":0,"48":0,"49":0,"50":0,"51":0,"52":0,"53":0,"54":19,"55":28,"56":28,"57":13,"58":13,"59":2,"60":11,"61":11,"62":15,"63":15,"64":15,"65":1,"66":14,"67":12,"68":8,"69":7,"70":6,"71":6,"72":1,"73":5,"74":5,"75":5,"76":3,"77":2,"78":2},"f":{"0":3,"1":12,"2":0,"3":0,"4":0,"5":15,"6":8,"7":20,"8":6,"9":18,"10":1,"11":3,"12":11,"13":11,"14":0,"15":0,"16":0,"17":0,"18":19,"19":28,"20":12,"21":8},"b":{"0":[12],"1":[0,0],"2":[0,0],"3":[0,0],"4":[12,3],"5":[0,3],"6":[0,0],"7":[0,0],"8":[0,0],"9":[0,0],"10":[13,15],"11":[2,11],"12":[1,14],"13":[1,5],"14":[3,2]},"_coverageSchema":"332fd63041d2c1bcb487cc26dd0d5f7d97098a6c","hash":"186b49b6970ff623f7859f0dfb783d28dc568af6"}
,"/Users/skbolton/Development/Arbiter/lib/schema/tree.js": {"path":"/Users/skbolton/Development/Arbiter/lib/schema/tree.js","statementMap":{"0":{"start":{"line":1,"column":16},"end":{"line":1,"column":47}},"1":{"start":{"line":2,"column":24},"end":{"line":2,"column":46}},"2":{"start":{"line":6,"column":4},"end":{"line":6,"column":27}},"3":{"start":{"line":7,"column":4},"end":{"line":7,"column":29}},"4":{"start":{"line":8,"column":4},"end":{"line":8,"column":31}},"5":{"start":{"line":9,"column":4},"end":{"line":9,"column":30}},"6":{"start":{"line":10,"column":4},"end":{"line":10,"column":27}},"7":{"start":{"line":11,"column":4},"end":{"line":11,"column":25}},"8":{"start":{"line":12,"column":4},"end":{"line":37,"column":6}},"9":{"start":{"line":13,"column":6},"end":{"line":15,"column":7}},"10":{"start":{"line":14,"column":8},"end":{"line":14,"column":44}},"11":{"start":{"line":17,"column":6},"end":{"line":19,"column":7}},"12":{"start":{"line":18,"column":8},"end":{"line":18,"column":46}},"13":{"start":{"line":20,"column":6},"end":{"line":22,"column":7}},"14":{"start":{"line":21,"column":8},"end":{"line":21,"column":40}},"15":{"start":{"line":24,"column":6},"end":{"line":36,"column":7}},"16":{"start":{"line":25,"column":8},"end":{"line":27,"column":9}},"17":{"start":{"line":26,"column":10},"end":{"line":26,"column":45}},"18":{"start":{"line":29,"column":8},"end":{"line":32,"column":9}},"19":{"start":{"line":30,"column":10},"end":{"line":30,"column":56}},"20":{"start":{"line":31,"column":10},"end":{"line":31,"column":42}},"21":{"start":{"line":33,"column":8},"end":{"line":35,"column":9}},"22":{"start":{"line":34,"column":10},"end":{"line":34,"column":41}},"23":{"start":{"line":41,"column":4},"end":{"line":41,"column":33}},"24":{"start":{"line":45,"column":0},"end":{"line":45,"column":21}}},"fnMap":{"0":{"name":"(anonymous_0)","decl":{"start":{"line":5,"column":2},"end":{"line":5,"column":3}},"loc":{"start":{"line":5,"column":38},"end":{"line":38,"column":3}},"line":5},"1":{"name":"(anonymous_1)","decl":{"start":{"line":12,"column":20},"end":{"line":12,"column":21}},"loc":{"start":{"line":12,"column":38},"end":{"line":37,"column":5}},"line":12},"2":{"name":"(anonymous_2)","decl":{"start":{"line":40,"column":2},"end":{"line":40,"column":3}},"loc":{"start":{"line":40,"column":24},"end":{"line":42,"column":3}},"line":40}},"branchMap":{"0":{"loc":{"start":{"line":5,"column":23},"end":{"line":5,"column":36}},"type":"default-arg","locations":[{"start":{"line":5,"column":32},"end":{"line":5,"column":36}}],"line":5},"1":{"loc":{"start":{"line":13,"column":6},"end":{"line":15,"column":7}},"type":"if","locations":[{"start":{"line":13,"column":6},"end":{"line":15,"column":7}},{"start":{"line":13,"column":6},"end":{"line":15,"column":7}}],"line":13},"2":{"loc":{"start":{"line":17,"column":6},"end":{"line":19,"column":7}},"type":"if","locations":[{"start":{"line":17,"column":6},"end":{"line":19,"column":7}},{"start":{"line":17,"column":6},"end":{"line":19,"column":7}}],"line":17},"3":{"loc":{"start":{"line":20,"column":6},"end":{"line":22,"column":7}},"type":"if","locations":[{"start":{"line":20,"column":6},"end":{"line":22,"column":7}},{"start":{"line":20,"column":6},"end":{"line":22,"column":7}}],"line":20},"4":{"loc":{"start":{"line":20,"column":10},"end":{"line":20,"column":34}},"type":"binary-expr","locations":[{"start":{"line":20,"column":10},"end":{"line":20,"column":18}},{"start":{"line":20,"column":22},"end":{"line":20,"column":34}}],"line":20},"5":{"loc":{"start":{"line":24,"column":6},"end":{"line":36,"column":7}},"type":"if","locations":[{"start":{"line":24,"column":6},"end":{"line":36,"column":7}},{"start":{"line":24,"column":6},"end":{"line":36,"column":7}}],"line":24},"6":{"loc":{"start":{"line":25,"column":8},"end":{"line":27,"column":9}},"type":"if","locations":[{"start":{"line":25,"column":8},"end":{"line":27,"column":9}},{"start":{"line":25,"column":8},"end":{"line":27,"column":9}}],"line":25},"7":{"loc":{"start":{"line":29,"column":8},"end":{"line":32,"column":9}},"type":"if","locations":[{"start":{"line":29,"column":8},"end":{"line":32,"column":9}},{"start":{"line":29,"column":8},"end":{"line":32,"column":9}}],"line":29},"8":{"loc":{"start":{"line":33,"column":8},"end":{"line":35,"column":9}},"type":"if","locations":[{"start":{"line":33,"column":8},"end":{"line":35,"column":9}},{"start":{"line":33,"column":8},"end":{"line":35,"column":9}}],"line":33}},"s":{"0":2,"1":2,"2":11,"3":11,"4":11,"5":11,"6":11,"7":11,"8":11,"9":29,"10":10,"11":19,"12":6,"13":13,"14":10,"15":13,"16":12,"17":2,"18":12,"19":8,"20":8,"21":12,"22":2,"23":2,"24":2},"f":{"0":11,"1":29,"2":2},"b":{"0":[0],"1":[10,19],"2":[6,13],"3":[10,3],"4":[13,10],"5":[12,1],"6":[2,10],"7":[8,4],"8":[2,10]},"_coverageSchema":"332fd63041d2c1bcb487cc26dd0d5f7d97098a6c","hash":"b8e1eaaa7d522c4892b78ecd2c4300ec8479e4d2"}
,"/Users/skbolton/Development/Arbiter/lib/schema/validator.js": {"path":"/Users/skbolton/Development/Arbiter/lib/schema/validator.js","statementMap":{"0":{"start":{"line":1,"column":20},"end":{"line":1,"column":51}},"1":{"start":{"line":2,"column":14},"end":{"line":2,"column":39}},"2":{"start":{"line":3,"column":14},"end":{"line":3,"column":42}},"3":{"start":{"line":5,"column":29},"end":{"line":17,"column":1}},"4":{"start":{"line":11,"column":16},"end":{"line":11,"column":18}},"5":{"start":{"line":12,"column":2},"end":{"line":12,"column":35}},"6":{"start":{"line":13,"column":2},"end":{"line":13,"column":30}},"7":{"start":{"line":14,"column":2},"end":{"line":14,"column":32}},"8":{"start":{"line":15,"column":2},"end":{"line":15,"column":36}},"9":{"start":{"line":16,"column":2},"end":{"line":16,"column":14}},"10":{"start":{"line":19,"column":26},"end":{"line":59,"column":1}},"11":{"start":{"line":20,"column":18},"end":{"line":20,"column":43}},"12":{"start":{"line":21,"column":2},"end":{"line":23,"column":3}},"13":{"start":{"line":22,"column":4},"end":{"line":22,"column":59}},"14":{"start":{"line":24,"column":2},"end":{"line":34,"column":3}},"15":{"start":{"line":25,"column":4},"end":{"line":31,"column":5}},"16":{"start":{"line":26,"column":6},"end":{"line":30,"column":7}},"17":{"start":{"line":27,"column":8},"end":{"line":27,"column":104}},"18":{"start":{"line":29,"column":8},"end":{"line":29,"column":20}},"19":{"start":{"line":33,"column":4},"end":{"line":33,"column":40}},"20":{"start":{"line":35,"column":2},"end":{"line":46,"column":3}},"21":{"start":{"line":36,"column":4},"end":{"line":43,"column":5}},"22":{"start":{"line":37,"column":19},"end":{"line":37,"column":51}},"23":{"start":{"line":38,"column":22},"end":{"line":38,"column":33}},"24":{"start":{"line":39,"column":6},"end":{"line":41,"column":7}},"25":{"start":{"line":40,"column":8},"end":{"line":40,"column":22}},"26":{"start":{"line":42,"column":6},"end":{"line":42,"column":74}},"27":{"start":{"line":45,"column":4},"end":{"line":45,"column":42}},"28":{"start":{"line":47,"column":2},"end":{"line":57,"column":3}},"29":{"start":{"line":48,"column":4},"end":{"line":54,"column":5}},"30":{"start":{"line":49,"column":6},"end":{"line":53,"column":7}},"31":{"start":{"line":50,"column":8},"end":{"line":50,"column":77}},"32":{"start":{"line":52,"column":8},"end":{"line":52,"column":20}},"33":{"start":{"line":56,"column":4},"end":{"line":56,"column":46}},"34":{"start":{"line":58,"column":2},"end":{"line":58,"column":16}},"35":{"start":{"line":61,"column":0},"end":{"line":73,"column":1}},"36":{"start":{"line":62,"column":18},"end":{"line":62,"column":50}},"37":{"start":{"line":63,"column":2},"end":{"line":72,"column":3}},"38":{"start":{"line":65,"column":4},"end":{"line":71,"column":5}},"39":{"start":{"line":66,"column":30},"end":{"line":66,"column":59}},"40":{"start":{"line":67,"column":6},"end":{"line":67,"column":42}},"41":{"start":{"line":70,"column":6},"end":{"line":70,"column":53}}},"fnMap":{"0":{"name":"(anonymous_0)","decl":{"start":{"line":5,"column":29},"end":{"line":5,"column":30}},"loc":{"start":{"line":5,"column":48},"end":{"line":17,"column":1}},"line":5},"1":{"name":"(anonymous_1)","decl":{"start":{"line":19,"column":26},"end":{"line":19,"column":27}},"loc":{"start":{"line":19,"column":45},"end":{"line":59,"column":1}},"line":19},"2":{"name":"(anonymous_2)","decl":{"start":{"line":25,"column":17},"end":{"line":25,"column":18}},"loc":{"start":{"line":25,"column":28},"end":{"line":31,"column":5}},"line":25},"3":{"name":"(anonymous_3)","decl":{"start":{"line":36,"column":19},"end":{"line":36,"column":20}},"loc":{"start":{"line":36,"column":30},"end":{"line":43,"column":5}},"line":36},"4":{"name":"(anonymous_4)","decl":{"start":{"line":48,"column":23},"end":{"line":48,"column":24}},"loc":{"start":{"line":48,"column":34},"end":{"line":54,"column":5}},"line":48},"5":{"name":"(anonymous_5)","decl":{"start":{"line":61,"column":17},"end":{"line":61,"column":18}},"loc":{"start":{"line":61,"column":41},"end":{"line":73,"column":1}},"line":61},"6":{"name":"(anonymous_6)","decl":{"start":{"line":63,"column":9},"end":{"line":63,"column":10}},"loc":{"start":{"line":63,"column":20},"end":{"line":72,"column":3}},"line":63}},"branchMap":{"0":{"loc":{"start":{"line":21,"column":2},"end":{"line":23,"column":3}},"type":"if","locations":[{"start":{"line":21,"column":2},"end":{"line":23,"column":3}},{"start":{"line":21,"column":2},"end":{"line":23,"column":3}}],"line":21},"1":{"loc":{"start":{"line":24,"column":2},"end":{"line":34,"column":3}},"type":"if","locations":[{"start":{"line":24,"column":2},"end":{"line":34,"column":3}},{"start":{"line":24,"column":2},"end":{"line":34,"column":3}}],"line":24},"2":{"loc":{"start":{"line":26,"column":6},"end":{"line":30,"column":7}},"type":"if","locations":[{"start":{"line":26,"column":6},"end":{"line":30,"column":7}},{"start":{"line":26,"column":6},"end":{"line":30,"column":7}}],"line":26},"3":{"loc":{"start":{"line":35,"column":2},"end":{"line":46,"column":3}},"type":"if","locations":[{"start":{"line":35,"column":2},"end":{"line":46,"column":3}},{"start":{"line":35,"column":2},"end":{"line":46,"column":3}}],"line":35},"4":{"loc":{"start":{"line":39,"column":6},"end":{"line":41,"column":7}},"type":"if","locations":[{"start":{"line":39,"column":6},"end":{"line":41,"column":7}},{"start":{"line":39,"column":6},"end":{"line":41,"column":7}}],"line":39},"5":{"loc":{"start":{"line":47,"column":2},"end":{"line":57,"column":3}},"type":"if","locations":[{"start":{"line":47,"column":2},"end":{"line":57,"column":3}},{"start":{"line":47,"column":2},"end":{"line":57,"column":3}}],"line":47},"6":{"loc":{"start":{"line":49,"column":6},"end":{"line":53,"column":7}},"type":"if","locations":[{"start":{"line":49,"column":6},"end":{"line":53,"column":7}},{"start":{"line":49,"column":6},"end":{"line":53,"column":7}}],"line":49},"7":{"loc":{"start":{"line":61,"column":25},"end":{"line":61,"column":36}},"type":"default-arg","locations":[{"start":{"line":61,"column":34},"end":{"line":61,"column":36}}],"line":61},"8":{"loc":{"start":{"line":65,"column":4},"end":{"line":71,"column":5}},"type":"if","locations":[{"start":{"line":65,"column":4},"end":{"line":71,"column":5}},{"start":{"line":65,"column":4},"end":{"line":71,"column":5}}],"line":65}},"s":{"0":3,"1":3,"2":3,"3":3,"4":2,"5":2,"6":2,"7":2,"8":2,"9":2,"10":3,"11":16,"12":16,"13":9,"14":16,"15":2,"16":2,"17":1,"18":1,"19":14,"20":16,"21":10,"22":5,"23":5,"24":4,"25":1,"26":3,"27":6,"28":16,"29":12,"30":1,"31":0,"32":1,"33":4,"34":16,"35":3,"36":16,"37":16,"38":7,"39":2,"40":2,"41":5},"f":{"0":2,"1":16,"2":2,"3":5,"4":1,"5":16,"6":7},"b":{"0":[9,7],"1":[2,14],"2":[1,1],"3":[10,6],"4":[1,3],"5":[12,4],"6":[0,1],"7":[0],"8":[2,5]},"_coverageSchema":"332fd63041d2c1bcb487cc26dd0d5f7d97098a6c","hash":"3bc0fe00a5a94a24058029228504ba1edc7a9bcd"}
,"/Users/skbolton/Development/Arbiter/lib/utils/chain.js": {"path":"/Users/skbolton/Development/Arbiter/lib/utils/chain.js","statementMap":{"0":{"start":{"line":1,"column":0},"end":{"line":11,"column":1}},"1":{"start":{"line":2,"column":17},"end":{"line":2,"column":24}},"2":{"start":{"line":3,"column":2},"end":{"line":9,"column":3}},"3":{"start":{"line":4,"column":4},"end":{"line":8,"column":5}},"4":{"start":{"line":5,"column":6},"end":{"line":5,"column":29}},"5":{"start":{"line":7,"column":6},"end":{"line":7,"column":14}},"6":{"start":{"line":10,"column":2},"end":{"line":10,"column":17}}},"fnMap":{"0":{"name":"(anonymous_0)","decl":{"start":{"line":1,"column":17},"end":{"line":1,"column":18}},"loc":{"start":{"line":1,"column":47},"end":{"line":11,"column":1}},"line":1}},"branchMap":{"0":{"loc":{"start":{"line":1,"column":23},"end":{"line":1,"column":42}},"type":"default-arg","locations":[{"start":{"line":1,"column":33},"end":{"line":1,"column":42}}],"line":1}},"s":{"0":3,"1":7,"2":7,"3":16,"4":16,"5":5,"6":2},"f":{"0":7},"b":{"0":[2]},"_coverageSchema":"332fd63041d2c1bcb487cc26dd0d5f7d97098a6c","hash":"6cda2665a4e22a93565af338c5ff8be0d71b0bd0"}
,"/Users/skbolton/Development/Arbiter/lib/utils/functionize.js": {"path":"/Users/skbolton/Development/Arbiter/lib/utils/functionize.js","statementMap":{"0":{"start":{"line":1,"column":18},"end":{"line":1,"column":40}},"1":{"start":{"line":1,"column":29},"end":{"line":1,"column":40}},"2":{"start":{"line":1,"column":35},"end":{"line":1,"column":40}},"3":{"start":{"line":2,"column":20},"end":{"line":2,"column":36}},"4":{"start":{"line":2,"column":31},"end":{"line":2,"column":36}},"5":{"start":{"line":4,"column":0},"end":{"line":7,"column":1}}},"fnMap":{"0":{"name":"(anonymous_0)","decl":{"start":{"line":1,"column":18},"end":{"line":1,"column":19}},"loc":{"start":{"line":1,"column":29},"end":{"line":1,"column":40}},"line":1},"1":{"name":"(anonymous_1)","decl":{"start":{"line":1,"column":29},"end":{"line":1,"column":30}},"loc":{"start":{"line":1,"column":35},"end":{"line":1,"column":40}},"line":1},"2":{"name":"(anonymous_2)","decl":{"start":{"line":2,"column":20},"end":{"line":2,"column":21}},"loc":{"start":{"line":2,"column":31},"end":{"line":2,"column":36}},"line":2}},"branchMap":{},"s":{"0":3,"1":9,"2":1,"3":3,"4":6,"5":3},"f":{"0":9,"1":1,"2":6},"b":{},"_coverageSchema":"332fd63041d2c1bcb487cc26dd0d5f7d97098a6c","hash":"f414efb2e50209bd2f89eed337523d3db0760bb6"}
,"/Users/skbolton/Development/Arbiter/lib/utils/object-each.js": {"path":"/Users/skbolton/Development/Arbiter/lib/utils/object-each.js","statementMap":{"0":{"start":{"line":1,"column":0},"end":{"line":6,"column":1}},"1":{"start":{"line":2,"column":15},"end":{"line":2,"column":31}},"2":{"start":{"line":3,"column":2},"end":{"line":5,"column":3}},"3":{"start":{"line":4,"column":4},"end":{"line":4,"column":26}}},"fnMap":{"0":{"name":"(anonymous_0)","decl":{"start":{"line":1,"column":17},"end":{"line":1,"column":18}},"loc":{"start":{"line":1,"column":30},"end":{"line":6,"column":1}},"line":1}},"branchMap":{},"s":{"0":4,"1":11,"2":11,"3":29},"f":{"0":11},"b":{},"_coverageSchema":"332fd63041d2c1bcb487cc26dd0d5f7d97098a6c","hash":"4b136a56db4297992f751825a095d0f012c584ee"}
,"/Users/skbolton/Development/Arbiter/lib/utils/validate.js": {"path":"/Users/skbolton/Development/Arbiter/lib/utils/validate.js","statementMap":{"0":{"start":{"line":1,"column":15},"end":{"line":1,"column":37}},"1":{"start":{"line":3,"column":16},"end":{"line":3,"column":40}},"2":{"start":{"line":3,"column":27},"end":{"line":3,"column":40}},"3":{"start":{"line":5,"column":18},"end":{"line":12,"column":1}},"4":{"start":{"line":6,"column":19},"end":{"line":6,"column":32}},"5":{"start":{"line":7,"column":2},"end":{"line":11,"column":3}},"6":{"start":{"line":8,"column":4},"end":{"line":10,"column":7}},"7":{"start":{"line":14,"column":17},"end":{"line":19,"column":1}},"8":{"start":{"line":15,"column":21},"end":{"line":15,"column":44}},"9":{"start":{"line":16,"column":2},"end":{"line":18,"column":3}},"10":{"start":{"line":17,"column":4},"end":{"line":17,"column":76}},"11":{"start":{"line":21,"column":23},"end":{"line":28,"column":1}},"12":{"start":{"line":22,"column":2},"end":{"line":27,"column":3}},"13":{"start":{"line":23,"column":4},"end":{"line":23,"column":22}},"14":{"start":{"line":24,"column":4},"end":{"line":24,"column":28}},"15":{"start":{"line":26,"column":4},"end":{"line":26,"column":30}},"16":{"start":{"line":30,"column":22},"end":{"line":37,"column":1}},"17":{"start":{"line":31,"column":2},"end":{"line":36,"column":3}},"18":{"start":{"line":32,"column":4},"end":{"line":32,"column":21}},"19":{"start":{"line":33,"column":4},"end":{"line":33,"column":28}},"20":{"start":{"line":35,"column":4},"end":{"line":35,"column":30}},"21":{"start":{"line":43,"column":13},"end":{"line":51,"column":1}},"22":{"start":{"line":44,"column":2},"end":{"line":46,"column":3}},"23":{"start":{"line":45,"column":4},"end":{"line":45,"column":19}},"24":{"start":{"line":47,"column":2},"end":{"line":49,"column":3}},"25":{"start":{"line":48,"column":4},"end":{"line":48,"column":19}},"26":{"start":{"line":50,"column":2},"end":{"line":50,"column":13}},"27":{"start":{"line":57,"column":15},"end":{"line":62,"column":1}},"28":{"start":{"line":58,"column":2},"end":{"line":60,"column":3}},"29":{"start":{"line":59,"column":4},"end":{"line":59,"column":15}},"30":{"start":{"line":61,"column":2},"end":{"line":61,"column":16}},"31":{"start":{"line":68,"column":16},"end":{"line":74,"column":1}},"32":{"start":{"line":69,"column":19},"end":{"line":69,"column":38}},"33":{"start":{"line":70,"column":2},"end":{"line":72,"column":3}},"34":{"start":{"line":71,"column":4},"end":{"line":71,"column":19}},"35":{"start":{"line":73,"column":2},"end":{"line":73,"column":13}},"36":{"start":{"line":78,"column":15},"end":{"line":80,"column":1}},"37":{"start":{"line":79,"column":2},"end":{"line":79,"column":13}},"38":{"start":{"line":82,"column":0},"end":{"line":92,"column":1}}},"fnMap":{"0":{"name":"(anonymous_0)","decl":{"start":{"line":3,"column":16},"end":{"line":3,"column":17}},"loc":{"start":{"line":3,"column":27},"end":{"line":3,"column":40}},"line":3},"1":{"name":"(anonymous_1)","decl":{"start":{"line":5,"column":18},"end":{"line":5,"column":19}},"loc":{"start":{"line":5,"column":48},"end":{"line":12,"column":1}},"line":5},"2":{"name":"(anonymous_2)","decl":{"start":{"line":14,"column":17},"end":{"line":14,"column":18}},"loc":{"start":{"line":14,"column":45},"end":{"line":19,"column":1}},"line":14},"3":{"name":"(anonymous_3)","decl":{"start":{"line":21,"column":23},"end":{"line":21,"column":24}},"loc":{"start":{"line":21,"column":36},"end":{"line":28,"column":1}},"line":21},"4":{"name":"(anonymous_4)","decl":{"start":{"line":30,"column":22},"end":{"line":30,"column":23}},"loc":{"start":{"line":30,"column":35},"end":{"line":37,"column":1}},"line":30},"5":{"name":"(anonymous_5)","decl":{"start":{"line":43,"column":13},"end":{"line":43,"column":14}},"loc":{"start":{"line":43,"column":25},"end":{"line":51,"column":1}},"line":43},"6":{"name":"(anonymous_6)","decl":{"start":{"line":57,"column":15},"end":{"line":57,"column":16}},"loc":{"start":{"line":57,"column":26},"end":{"line":62,"column":1}},"line":57},"7":{"name":"(anonymous_7)","decl":{"start":{"line":68,"column":16},"end":{"line":68,"column":17}},"loc":{"start":{"line":68,"column":28},"end":{"line":74,"column":1}},"line":68},"8":{"name":"(anonymous_8)","decl":{"start":{"line":78,"column":15},"end":{"line":78,"column":16}},"loc":{"start":{"line":78,"column":24},"end":{"line":80,"column":1}},"line":78}},"branchMap":{"0":{"loc":{"start":{"line":7,"column":2},"end":{"line":11,"column":3}},"type":"if","locations":[{"start":{"line":7,"column":2},"end":{"line":11,"column":3}},{"start":{"line":7,"column":2},"end":{"line":11,"column":3}}],"line":7},"1":{"loc":{"start":{"line":16,"column":2},"end":{"line":18,"column":3}},"type":"if","locations":[{"start":{"line":16,"column":2},"end":{"line":18,"column":3}},{"start":{"line":16,"column":2},"end":{"line":18,"column":3}}],"line":16},"2":{"loc":{"start":{"line":44,"column":2},"end":{"line":46,"column":3}},"type":"if","locations":[{"start":{"line":44,"column":2},"end":{"line":46,"column":3}},{"start":{"line":44,"column":2},"end":{"line":46,"column":3}}],"line":44},"3":{"loc":{"start":{"line":47,"column":2},"end":{"line":49,"column":3}},"type":"if","locations":[{"start":{"line":47,"column":2},"end":{"line":49,"column":3}},{"start":{"line":47,"column":2},"end":{"line":49,"column":3}}],"line":47},"4":{"loc":{"start":{"line":58,"column":2},"end":{"line":60,"column":3}},"type":"if","locations":[{"start":{"line":58,"column":2},"end":{"line":60,"column":3}},{"start":{"line":58,"column":2},"end":{"line":60,"column":3}}],"line":58},"5":{"loc":{"start":{"line":70,"column":2},"end":{"line":72,"column":3}},"type":"if","locations":[{"start":{"line":70,"column":2},"end":{"line":72,"column":3}},{"start":{"line":70,"column":2},"end":{"line":72,"column":3}}],"line":70},"6":{"loc":{"start":{"line":70,"column":6},"end":{"line":70,"column":49}},"type":"binary-expr","locations":[{"start":{"line":70,"column":6},"end":{"line":70,"column":25}},{"start":{"line":70,"column":29},"end":{"line":70,"column":49}}],"line":70}},"s":{"0":5,"1":5,"2":16,"3":5,"4":34,"5":34,"6":4,"7":5,"8":8,"9":8,"10":1,"11":5,"12":0,"13":0,"14":0,"15":0,"16":5,"17":0,"18":0,"19":0,"20":0,"21":5,"22":3,"23":1,"24":2,"25":0,"26":1,"27":5,"28":1,"29":1,"30":0,"31":5,"32":1,"33":1,"34":0,"35":1,"36":5,"37":0,"38":5},"f":{"0":16,"1":34,"2":8,"3":0,"4":0,"5":3,"6":1,"7":1,"8":0},"b":{"0":[4,30],"1":[1,7],"2":[1,2],"3":[0,1],"4":[1,0],"5":[0,1],"6":[1,1]},"_coverageSchema":"332fd63041d2c1bcb487cc26dd0d5f7d97098a6c","hash":"88b29385cbd2e204fd8e44e9cf622919302d624d"}
,"/Users/skbolton/Development/Arbiter/test/fixtures/schema.js": {"path":"/Users/skbolton/Development/Arbiter/test/fixtures/schema.js","statementMap":{"0":{"start":{"line":1,"column":15},"end":{"line":1,"column":49}},"1":{"start":{"line":3,"column":18},"end":{"line":23,"column":2}},"2":{"start":{"line":25,"column":24},"end":{"line":46,"column":2}},"3":{"start":{"line":38,"column":19},"end":{"line":38,"column":29}},"4":{"start":{"line":48,"column":0},"end":{"line":51,"column":1}}},"fnMap":{"0":{"name":"(anonymous_0)","decl":{"start":{"line":38,"column":13},"end":{"line":38,"column":14}},"loc":{"start":{"line":38,"column":19},"end":{"line":38,"column":29}},"line":38}},"branchMap":{},"s":{"0":2,"1":2,"2":2,"3":0,"4":2},"f":{"0":0},"b":{},"_coverageSchema":"332fd63041d2c1bcb487cc26dd0d5f7d97098a6c","hash":"776c6e2e6ae5cc5e46de61102820a9c3231cbcff"}
}
