TN:
SF:/Users/skbolton/Development/Arbiter/lib/arbiter.js
FN:10,(anonymous_0)
FN:24,(anonymous_1)
FN:36,(anonymous_2)
FN:52,(anonymous_3)
FN:63,(anonymous_4)
FNF:5
FNH:5
FNDA:9,(anonymous_0)
FNDA:4,(anonymous_1)
FNDA:3,(anonymous_2)
FNDA:3,(anonymous_3)
FNDA:1,(anonymous_4)
DA:1,1
DA:2,1
DA:11,9
DA:12,9
DA:13,9
DA:14,9
DA:25,4
DA:26,3
DA:37,3
DA:53,3
DA:54,1
DA:56,2
DA:57,2
DA:64,1
DA:68,1
LF:15
LH:15
BRDA:37,0,0,2
BRDA:37,0,1,1
BRDA:53,1,0,1
BRDA:53,1,1,2
BRF:4
BRH:4
end_of_record
TN:
SF:/Users/skbolton/Development/Arbiter/lib/connection.js
FN:45,(anonymous_0)
FN:62,(anonymous_1)
FN:73,(anonymous_2)
FN:74,(anonymous_3)
FN:75,(anonymous_4)
FN:90,(anonymous_5)
FN:100,(anonymous_6)
FN:113,(anonymous_7)
FNF:8
FNH:7
FNDA:9,(anonymous_0)
FNDA:5,(anonymous_1)
FNDA:4,(anonymous_2)
FNDA:4,(anonymous_3)
FNDA:0,(anonymous_4)
FNDA:6,(anonymous_5)
FNDA:5,(anonymous_6)
FNDA:2,(anonymous_7)
DA:1,1
DA:2,1
DA:4,1
DA:27,1
DA:28,1
DA:29,1
DA:30,1
DA:31,1
DA:47,9
DA:48,6
DA:49,6
DA:50,6
DA:52,6
DA:63,5
DA:65,4
DA:66,4
DA:68,4
DA:69,4
DA:71,4
DA:72,4
DA:73,4
DA:74,4
DA:76,0
DA:77,0
DA:80,4
DA:91,6
DA:101,5
DA:102,2
DA:104,1
DA:114,2
DA:115,2
DA:119,1
LF:32
LH:30
BRDA:63,0,0,1
BRDA:63,0,1,4
BRDA:69,1,0,0
BRDA:69,1,1,4
BRDA:101,2,0,3
BRDA:101,2,1,2
BRDA:101,3,0,5
BRDA:101,3,1,2
BRDA:102,4,0,1
BRDA:102,4,1,1
BRDA:114,5,0,0
BRDA:114,5,1,2
BRF:12
BRH:10
end_of_record
TN:
SF:/Users/skbolton/Development/Arbiter/lib/model.js
FN:7,(anonymous_0)
FN:19,(anonymous_1)
FN:29,(anonymous_2)
FN:31,(anonymous_3)
FN:41,(anonymous_4)
FN:43,(anonymous_5)
FN:47,(anonymous_6)
FN:51,(anonymous_7)
FN:55,(anonymous_8)
FNF:9
FNH:7
FNDA:6,(anonymous_0)
FNDA:2,(anonymous_1)
FNDA:0,(anonymous_2)
FNDA:0,(anonymous_3)
FNDA:1,(anonymous_4)
FNDA:1,(anonymous_5)
FNDA:3,(anonymous_6)
FNDA:1,(anonymous_7)
FNDA:1,(anonymous_8)
DA:1,1
DA:2,1
DA:3,1
DA:4,1
DA:8,6
DA:16,6
DA:20,2
DA:30,0
DA:31,0
DA:32,0
DA:34,0
DA:42,1
DA:43,1
DA:48,3
DA:52,1
DA:56,1
DA:60,1
LF:17
LH:13
BRDA:29,0,0,0
BRDA:47,1,0,0
BRF:2
BRH:0
end_of_record
TN:
SF:/Users/skbolton/Development/Arbiter/lib/query.js
FN:16,(anonymous_0)
FN:41,(anonymous_1)
FN:51,(anonymous_2)
FN:55,(anonymous_3)
FN:60,(anonymous_4)
FN:74,(anonymous_5)
FN:79,(anonymous_6)
FN:84,(anonymous_7)
FN:90,(anonymous_8)
FN:97,(anonymous_9)
FN:101,(anonymous_10)
FN:105,(anonymous_11)
FN:109,(anonymous_12)
FN:114,(anonymous_13)
FN:120,(anonymous_14)
FN:138,(anonymous_15)
FN:145,(anonymous_16)
FN:148,(anonymous_17)
FN:152,(anonymous_18)
FN:159,(anonymous_19)
FN:162,(anonymous_20)
FNF:21
FNH:0
FNDA:0,(anonymous_0)
FNDA:0,(anonymous_1)
FNDA:0,(anonymous_2)
FNDA:0,(anonymous_3)
FNDA:0,(anonymous_4)
FNDA:0,(anonymous_5)
FNDA:0,(anonymous_6)
FNDA:0,(anonymous_7)
FNDA:0,(anonymous_8)
FNDA:0,(anonymous_9)
FNDA:0,(anonymous_10)
FNDA:0,(anonymous_11)
FNDA:0,(anonymous_12)
FNDA:0,(anonymous_13)
FNDA:0,(anonymous_14)
FNDA:0,(anonymous_15)
FNDA:0,(anonymous_16)
FNDA:0,(anonymous_17)
FNDA:0,(anonymous_18)
FNDA:0,(anonymous_19)
FNDA:0,(anonymous_20)
DA:1,1
DA:2,1
DA:3,1
DA:17,0
DA:26,0
DA:27,0
DA:28,0
DA:29,0
DA:30,0
DA:31,0
DA:32,0
DA:33,0
DA:42,0
DA:43,0
DA:44,0
DA:46,0
DA:48,0
DA:52,0
DA:56,0
DA:57,0
DA:58,0
DA:59,0
DA:60,0
DA:61,0
DA:62,0
DA:65,0
DA:68,0
DA:69,0
DA:71,0
DA:75,0
DA:76,0
DA:80,0
DA:81,0
DA:85,0
DA:86,0
DA:91,0
DA:98,0
DA:102,0
DA:106,0
DA:110,0
DA:115,0
DA:116,0
DA:118,0
DA:119,0
DA:121,0
DA:122,0
DA:123,0
DA:125,0
DA:126,0
DA:128,0
DA:129,0
DA:130,0
DA:132,0
DA:139,0
DA:141,0
DA:142,0
DA:143,0
DA:145,0
DA:149,0
DA:153,0
DA:154,0
DA:156,0
DA:160,0
DA:161,0
DA:162,0
DA:163,0
DA:164,0
DA:165,0
DA:170,1
LF:69
LH:4
BRDA:55,0,0,0
BRDA:68,1,0,0
BRDA:68,1,1,0
BRDA:68,2,0,0
BRDA:68,2,1,0
BRDA:90,3,0,0
BRDA:115,4,0,0
BRDA:115,4,1,0
BRDA:118,5,0,0
BRDA:118,5,1,0
BRDA:122,6,0,0
BRDA:122,6,1,0
BRDA:125,7,0,0
BRDA:125,7,1,0
BRDA:128,8,0,0
BRDA:128,8,1,0
BRDA:139,9,0,0
BRDA:139,9,1,0
BRDA:143,10,0,0
BRDA:143,10,1,0
BRDA:153,11,0,0
BRDA:153,11,1,0
BRF:22
BRH:0
end_of_record
TN:
SF:/Users/skbolton/Development/Arbiter/lib/_model/grunt.js
FN:24,(anonymous_0)
FN:48,(anonymous_1)
FN:59,(anonymous_2)
FN:62,(anonymous_3)
FN:66,(anonymous_4)
FN:79,(anonymous_5)
FN:82,(anonymous_6)
FN:83,(anonymous_7)
FN:90,(anonymous_8)
FN:92,(anonymous_9)
FN:105,(anonymous_10)
FNF:11
FNH:0
FNDA:0,(anonymous_0)
FNDA:0,(anonymous_1)
FNDA:0,(anonymous_2)
FNDA:0,(anonymous_3)
FNDA:0,(anonymous_4)
FNDA:0,(anonymous_5)
FNDA:0,(anonymous_6)
FNDA:0,(anonymous_7)
FNDA:0,(anonymous_8)
FNDA:0,(anonymous_9)
FNDA:0,(anonymous_10)
DA:1,2
DA:2,2
DA:3,2
DA:4,2
DA:5,2
DA:6,2
DA:7,2
DA:8,2
DA:25,0
DA:35,0
DA:36,0
DA:37,0
DA:38,0
DA:39,0
DA:49,0
DA:60,0
DA:63,0
DA:64,0
DA:67,0
DA:68,0
DA:80,0
DA:82,0
DA:84,0
DA:85,0
DA:86,0
DA:91,0
DA:92,0
DA:93,0
DA:95,0
DA:107,0
DA:109,0
DA:110,0
DA:111,0
DA:114,0
DA:115,0
DA:118,0
DA:121,0
DA:122,0
DA:125,0
DA:126,0
DA:129,0
DA:134,2
LF:42
LH:9
BRDA:107,0,0,0
BRDA:107,0,1,0
BRDA:110,1,0,0
BRDA:110,1,1,0
BRDA:114,2,0,0
BRDA:114,2,1,0
BRDA:121,3,0,0
BRDA:121,3,1,0
BRDA:125,4,0,0
BRDA:125,4,1,0
BRF:10
BRH:0
end_of_record
TN:
SF:/Users/skbolton/Development/Arbiter/lib/schema/handler.js
FN:10,(anonymous_0)
FN:16,(anonymous_1)
FN:28,(anonymous_2)
FN:32,(anonymous_3)
FN:40,(anonymous_4)
FN:54,(anonymous_5)
FN:55,(anonymous_6)
FNF:7
FNH:1
FNDA:10,(anonymous_0)
FNDA:0,(anonymous_1)
FNDA:0,(anonymous_2)
FNDA:0,(anonymous_3)
FNDA:0,(anonymous_4)
FNDA:0,(anonymous_5)
FNDA:0,(anonymous_6)
DA:1,2
DA:2,2
DA:11,10
DA:17,0
DA:19,0
DA:20,0
DA:22,0
DA:24,0
DA:25,0
DA:29,0
DA:33,0
DA:34,0
DA:36,0
DA:41,0
DA:42,0
DA:43,0
DA:44,0
DA:45,0
DA:46,0
DA:48,0
DA:49,0
DA:51,0
DA:55,0
DA:56,0
DA:57,0
DA:58,0
DA:64,2
LF:27
LH:4
BRDA:17,0,0,0
BRDA:17,0,1,0
BRDA:19,1,0,0
BRDA:19,1,1,0
BRDA:33,2,0,0
BRDA:33,2,1,0
BRDA:43,3,0,0
BRDA:43,3,1,0
BRDA:57,4,0,0
BRDA:57,4,1,0
BRF:10
BRH:0
end_of_record
TN:
SF:/Users/skbolton/Development/Arbiter/lib/schema/schema.js
FN:7,(anonymous_0)
FN:20,(anonymous_1)
FN:31,(anonymous_2)
FN:35,(anonymous_3)
FN:38,(anonymous_4)
FN:58,(anonymous_5)
FN:75,(anonymous_6)
FN:77,(anonymous_7)
FN:80,(anonymous_8)
FN:83,(anonymous_9)
FN:96,(anonymous_10)
FN:98,(anonymous_11)
FN:109,(anonymous_12)
FN:111,(anonymous_13)
FN:129,(anonymous_14)
FN:130,(anonymous_15)
FN:144,(anonymous_16)
FN:155,(anonymous_17)
FN:168,(anonymous_18)
FN:169,(anonymous_19)
FN:186,(anonymous_20)
FN:198,(anonymous_21)
FNF:22
FNH:15
FNDA:3,(anonymous_0)
FNDA:12,(anonymous_1)
FNDA:0,(anonymous_2)
FNDA:0,(anonymous_3)
FNDA:0,(anonymous_4)
FNDA:15,(anonymous_5)
FNDA:8,(anonymous_6)
FNDA:20,(anonymous_7)
FNDA:6,(anonymous_8)
FNDA:18,(anonymous_9)
FNDA:1,(anonymous_10)
FNDA:3,(anonymous_11)
FNDA:11,(anonymous_12)
FNDA:11,(anonymous_13)
FNDA:0,(anonymous_14)
FNDA:0,(anonymous_15)
FNDA:0,(anonymous_16)
FNDA:0,(anonymous_17)
FNDA:19,(anonymous_18)
FNDA:28,(anonymous_19)
FNDA:12,(anonymous_20)
FNDA:8,(anonymous_21)
DA:1,2
DA:2,2
DA:3,2
DA:5,2
DA:7,2
DA:8,3
DA:9,3
DA:21,12
DA:22,11
DA:23,10
DA:26,10
DA:27,10
DA:28,10
DA:32,0
DA:36,0
DA:37,0
DA:38,0
DA:39,0
DA:40,0
DA:43,0
DA:44,0
DA:59,15
DA:60,12
DA:62,3
DA:63,0
DA:76,8
DA:77,8
DA:78,20
DA:80,8
DA:81,6
DA:83,18
DA:86,8
DA:97,1
DA:98,3
DA:99,1
DA:110,11
DA:111,11
DA:112,11
DA:114,11
DA:130,0
DA:131,0
DA:132,0
DA:133,0
DA:134,0
DA:138,0
DA:139,0
DA:144,0
DA:147,0
DA:148,0
DA:149,0
DA:151,0
DA:155,0
DA:169,19
DA:170,28
DA:171,28
DA:172,13
DA:173,13
DA:174,2
DA:176,11
DA:177,11
DA:179,15
DA:180,15
DA:181,15
DA:182,1
DA:184,14
DA:187,12
DA:199,8
DA:200,7
DA:201,6
DA:202,6
DA:203,1
DA:205,5
DA:206,5
DA:207,5
DA:208,3
DA:210,2
DA:214,2
LF:77
LH:55
BRDA:20,0,0,12
BRDA:37,1,0,0
BRDA:37,1,1,0
BRDA:39,2,0,0
BRDA:39,2,1,0
BRDA:43,3,0,0
BRDA:43,3,1,0
BRDA:59,4,0,12
BRDA:59,4,1,3
BRDA:62,5,0,0
BRDA:62,5,1,3
BRDA:133,6,0,0
BRDA:133,6,1,0
BRDA:134,7,0,0
BRDA:134,7,1,0
BRDA:138,8,0,0
BRDA:138,8,1,0
BRDA:148,9,0,0
BRDA:148,9,1,0
BRDA:171,10,0,13
BRDA:171,10,1,15
BRDA:173,11,0,2
BRDA:173,11,1,11
BRDA:181,12,0,1
BRDA:181,12,1,14
BRDA:202,13,0,1
BRDA:202,13,1,5
BRDA:207,14,0,3
BRDA:207,14,1,2
BRF:29
BRH:14
end_of_record
TN:
SF:/Users/skbolton/Development/Arbiter/lib/schema/tree.js
FN:5,(anonymous_0)
FN:12,(anonymous_1)
FN:40,(anonymous_2)
FNF:3
FNH:3
FNDA:11,(anonymous_0)
FNDA:29,(anonymous_1)
FNDA:2,(anonymous_2)
DA:1,2
DA:2,2
DA:6,11
DA:7,11
DA:8,11
DA:9,11
DA:10,11
DA:11,11
DA:12,11
DA:13,29
DA:14,10
DA:17,19
DA:18,6
DA:20,13
DA:21,10
DA:24,13
DA:25,12
DA:26,2
DA:29,12
DA:30,8
DA:31,8
DA:33,12
DA:34,2
DA:41,2
DA:45,2
LF:25
LH:25
BRDA:5,0,0,0
BRDA:13,1,0,10
BRDA:13,1,1,19
BRDA:17,2,0,6
BRDA:17,2,1,13
BRDA:20,3,0,10
BRDA:20,3,1,3
BRDA:20,4,0,13
BRDA:20,4,1,10
BRDA:24,5,0,12
BRDA:24,5,1,1
BRDA:25,6,0,2
BRDA:25,6,1,10
BRDA:29,7,0,8
BRDA:29,7,1,4
BRDA:33,8,0,2
BRDA:33,8,1,10
BRF:17
BRH:16
end_of_record
TN:
SF:/Users/skbolton/Development/Arbiter/lib/schema/validator.js
FN:5,(anonymous_0)
FN:19,(anonymous_1)
FN:25,(anonymous_2)
FN:36,(anonymous_3)
FN:48,(anonymous_4)
FN:61,(anonymous_5)
FN:63,(anonymous_6)
FNF:7
FNH:7
FNDA:2,(anonymous_0)
FNDA:16,(anonymous_1)
FNDA:2,(anonymous_2)
FNDA:5,(anonymous_3)
FNDA:1,(anonymous_4)
FNDA:16,(anonymous_5)
FNDA:7,(anonymous_6)
DA:1,3
DA:2,3
DA:3,3
DA:5,3
DA:11,2
DA:12,2
DA:13,2
DA:14,2
DA:15,2
DA:16,2
DA:19,3
DA:20,16
DA:21,16
DA:22,9
DA:24,16
DA:25,2
DA:26,2
DA:27,1
DA:29,1
DA:33,14
DA:35,16
DA:36,10
DA:37,5
DA:38,5
DA:39,4
DA:40,1
DA:42,3
DA:45,6
DA:47,16
DA:48,12
DA:49,1
DA:50,0
DA:52,1
DA:56,4
DA:58,16
DA:61,3
DA:62,16
DA:63,16
DA:65,7
DA:66,2
DA:67,2
DA:70,5
LF:42
LH:41
BRDA:21,0,0,9
BRDA:21,0,1,7
BRDA:24,1,0,2
BRDA:24,1,1,14
BRDA:26,2,0,1
BRDA:26,2,1,1
BRDA:35,3,0,10
BRDA:35,3,1,6
BRDA:39,4,0,1
BRDA:39,4,1,3
BRDA:47,5,0,12
BRDA:47,5,1,4
BRDA:49,6,0,0
BRDA:49,6,1,1
BRDA:61,7,0,0
BRDA:65,8,0,2
BRDA:65,8,1,5
BRF:17
BRH:15
end_of_record
TN:
SF:/Users/skbolton/Development/Arbiter/lib/utils/chain.js
FN:1,(anonymous_0)
FNF:1
FNH:1
FNDA:7,(anonymous_0)
DA:1,3
DA:2,7
DA:3,7
DA:4,16
DA:5,16
DA:7,5
DA:10,2
LF:7
LH:7
BRDA:1,0,0,2
BRF:1
BRH:1
end_of_record
TN:
SF:/Users/skbolton/Development/Arbiter/lib/utils/functionize.js
FN:1,(anonymous_0)
FN:1,(anonymous_1)
FN:2,(anonymous_2)
FNF:3
FNH:3
FNDA:9,(anonymous_0)
FNDA:1,(anonymous_1)
FNDA:6,(anonymous_2)
DA:1,9
DA:2,6
DA:4,3
LF:3
LH:3
BRF:0
BRH:0
end_of_record
TN:
SF:/Users/skbolton/Development/Arbiter/lib/utils/object-each.js
FN:1,(anonymous_0)
FNF:1
FNH:1
FNDA:11,(anonymous_0)
DA:1,4
DA:2,11
DA:3,11
DA:4,29
LF:4
LH:4
BRF:0
BRH:0
end_of_record
TN:
SF:/Users/skbolton/Development/Arbiter/lib/utils/validate.js
FN:3,(anonymous_0)
FN:5,(anonymous_1)
FN:14,(anonymous_2)
FN:21,(anonymous_3)
FN:30,(anonymous_4)
FN:43,(anonymous_5)
FN:57,(anonymous_6)
FN:68,(anonymous_7)
FN:78,(anonymous_8)
FNF:9
FNH:6
FNDA:16,(anonymous_0)
FNDA:34,(anonymous_1)
FNDA:8,(anonymous_2)
FNDA:0,(anonymous_3)
FNDA:0,(anonymous_4)
FNDA:3,(anonymous_5)
FNDA:1,(anonymous_6)
FNDA:1,(anonymous_7)
FNDA:0,(anonymous_8)
DA:1,5
DA:3,16
DA:5,5
DA:6,34
DA:7,34
DA:8,4
DA:14,5
DA:15,8
DA:16,8
DA:17,1
DA:21,5
DA:22,0
DA:23,0
DA:24,0
DA:26,0
DA:30,5
DA:31,0
DA:32,0
DA:33,0
DA:35,0
DA:43,5
DA:44,3
DA:45,1
DA:47,2
DA:48,0
DA:50,1
DA:57,5
DA:58,1
DA:59,1
DA:61,0
DA:68,5
DA:69,1
DA:70,1
DA:71,0
DA:73,1
DA:78,5
DA:79,0
DA:82,5
LF:38
LH:26
BRDA:7,0,0,4
BRDA:7,0,1,30
BRDA:16,1,0,1
BRDA:16,1,1,7
BRDA:44,2,0,1
BRDA:44,2,1,2
BRDA:47,3,0,0
BRDA:47,3,1,1
BRDA:58,4,0,1
BRDA:58,4,1,0
BRDA:70,5,0,0
BRDA:70,5,1,1
BRDA:70,6,0,1
BRDA:70,6,1,1
BRF:14
BRH:11
end_of_record
TN:
SF:/Users/skbolton/Development/Arbiter/test/fixtures/schema.js
FN:38,(anonymous_0)
FNF:1
FNH:0
FNDA:0,(anonymous_0)
DA:1,2
DA:3,2
DA:25,2
DA:38,0
DA:48,2
LF:5
LH:4
BRF:0
BRH:0
end_of_record
